{"contracts/PeachV01.sol":{"l":{"40":0,"44":0,"45":0,"46":0,"50":0,"60":0,"73":0,"89":0,"90":0,"97":0,"98":0,"102":0,"103":0,"105":0,"109":0,"118":0,"119":0,"123":0,"124":0,"134":0,"135":0,"139":0,"149":0,"150":0,"154":0,"166":0,"167":0,"173":0,"183":0,"184":0,"191":0,"203":0,"204":0,"210":0,"214":0,"216":0,"220":0,"221":0,"225":0,"226":0,"239":0,"241":0,"243":0,"245":0,"246":0,"250":0,"254":0,"258":0,"265":0,"275":0,"276":0,"277":0,"279":0,"280":0,"282":0,"294":0,"295":0,"296":0,"297":0,"300":0,"301":0,"304":0,"305":0,"308":0,"309":0,"310":0,"321":0,"334":0,"337":0},"path":"/Users/mbl3/w3x/peach/contracts/PeachV01.sol","s":{"1":0,"2":0,"3":0,"4":0,"5":0,"6":0,"7":0,"8":0,"9":0,"10":0,"11":0,"12":0,"13":0,"14":0,"15":0,"16":0,"17":0,"18":0,"19":0,"20":0,"21":0,"22":0,"23":0,"24":0,"25":0,"26":0,"27":0,"28":0,"29":0,"30":0,"31":0,"32":0,"33":0,"34":0,"35":0,"36":0,"37":0,"38":0,"39":0,"40":0,"41":0,"42":0,"43":0,"44":0,"45":0,"46":0,"47":0,"48":0,"49":0,"50":0,"51":0},"b":{"1":[0,0],"2":[0,0],"3":[0,0],"4":[0,0],"5":[0,0],"6":[0,0],"7":[0,0],"8":[0,0],"9":[0,0],"10":[0,0],"11":[0,0],"12":[0,0],"13":[0,0],"14":[0,0],"15":[0,0],"16":[0,0],"17":[0,0],"18":[0,0],"19":[0,0],"20":[0,0],"21":[0,0],"22":[0,0]},"f":{"1":0,"2":0,"3":0,"4":0,"5":0,"6":0,"7":0,"8":0,"9":0,"10":0,"11":0,"12":0,"13":0,"14":0,"15":0,"16":0,"17":0,"18":0,"19":0,"20":0,"21":0,"22":0,"23":0,"24":0,"25":0,"26":0,"27":0},"fnMap":{"1":{"name":"constructor","line":39,"loc":{"start":{"line":39,"column":4},"end":{"line":41,"column":4}}},"2":{"name":"initialize","line":43,"loc":{"start":{"line":43,"column":4},"end":{"line":47,"column":4}}},"3":{"name":"endUpgradeability","line":49,"loc":{"start":{"line":49,"column":4},"end":{"line":57,"column":4}}},"4":{"name":"upgradeabilityEnded","line":59,"loc":{"start":{"line":59,"column":4},"end":{"line":70,"column":4}}},"5":{"name":"_authorizeUpgrade","line":72,"loc":{"start":{"line":72,"column":4},"end":{"line":77,"column":4}}},"6":{"name":"setToken","line":85,"loc":{"start":{"line":85,"column":4},"end":{"line":91,"column":4}}},"7":{"name":"_setToken","line":96,"loc":{"start":{"line":93,"column":4},"end":{"line":99,"column":4}}},"8":{"name":"onlyIfSufficientFunds","line":101,"loc":{"start":{"line":101,"column":4},"end":{"line":106,"column":4}}},"9":{"name":"withdraw","line":108,"loc":{"start":{"line":108,"column":4},"end":{"line":110,"column":4}}},"10":{"name":"nixToken","line":117,"loc":{"start":{"line":117,"column":4},"end":{"line":120,"column":4}}},"11":{"name":"_nixToken","line":122,"loc":{"start":{"line":122,"column":4},"end":{"line":125,"column":4}}},"12":{"name":"getOwner","line":133,"loc":{"start":{"line":133,"column":4},"end":{"line":136,"column":4}}},"13":{"name":"_getOwner","line":138,"loc":{"start":{"line":138,"column":4},"end":{"line":140,"column":4}}},"14":{"name":"modOwner","line":148,"loc":{"start":{"line":148,"column":4},"end":{"line":151,"column":4}}},"15":{"name":"_modOwner","line":153,"loc":{"start":{"line":153,"column":4},"end":{"line":155,"column":4}}},"16":{"name":"getName","line":163,"loc":{"start":{"line":163,"column":4},"end":{"line":168,"column":4}}},"17":{"name":"_getName","line":172,"loc":{"start":{"line":170,"column":4},"end":{"line":174,"column":4}}},"18":{"name":"modName","line":182,"loc":{"start":{"line":182,"column":4},"end":{"line":185,"column":4}}},"19":{"name":"_modName","line":190,"loc":{"start":{"line":187,"column":4},"end":{"line":192,"column":4}}},"20":{"name":"getPic","line":200,"loc":{"start":{"line":200,"column":4},"end":{"line":205,"column":4}}},"21":{"name":"_getPic","line":209,"loc":{"start":{"line":207,"column":4},"end":{"line":211,"column":4}}},"22":{"name":"onlyValidName","line":213,"loc":{"start":{"line":213,"column":4},"end":{"line":217,"column":4}}},"23":{"name":"onlyOwnerOf","line":219,"loc":{"start":{"line":219,"column":4},"end":{"line":222,"column":4}}},"24":{"name":"onlyExistentToken","line":224,"loc":{"start":{"line":224,"column":4},"end":{"line":227,"column":4}}},"25":{"name":"validateColorhexAndGetId","line":235,"loc":{"start":{"line":235,"column":4},"end":{"line":266,"column":4}}},"26":{"name":"getColorhex","line":274,"loc":{"start":{"line":274,"column":4},"end":{"line":283,"column":4}}},"27":{"name":"tokenURI","line":291,"loc":{"start":{"line":291,"column":4},"end":{"line":338,"column":4}}}},"statementMap":{"1":{"start":{"line":40,"column":8},"end":{"line":40,"column":29}},"2":{"start":{"line":44,"column":8},"end":{"line":44,"column":36}},"3":{"start":{"line":45,"column":8},"end":{"line":45,"column":35}},"4":{"start":{"line":46,"column":8},"end":{"line":46,"column":31}},"5":{"start":{"line":60,"column":8},"end":{"line":60,"column":2143}},"6":{"start":{"line":73,"column":8},"end":{"line":73,"column":2514}},"7":{"start":{"line":89,"column":8},"end":{"line":89,"column":57}},"8":{"start":{"line":90,"column":8},"end":{"line":90,"column":31}},"9":{"start":{"line":97,"column":8},"end":{"line":97,"column":37}},"10":{"start":{"line":98,"column":8},"end":{"line":98,"column":30}},"11":{"start":{"line":102,"column":8},"end":{"line":102,"column":3412}},"12":{"start":{"line":103,"column":12},"end":{"line":103,"column":68}},"13":{"start":{"line":109,"column":8},"end":{"line":109,"column":55}},"14":{"start":{"line":118,"column":8},"end":{"line":118,"column":57}},"15":{"start":{"line":119,"column":8},"end":{"line":119,"column":25}},"16":{"start":{"line":123,"column":8},"end":{"line":123,"column":21}},"17":{"start":{"line":134,"column":8},"end":{"line":134,"column":57}},"18":{"start":{"line":135,"column":8},"end":{"line":135,"column":33}},"19":{"start":{"line":139,"column":8},"end":{"line":139,"column":31}},"20":{"start":{"line":149,"column":8},"end":{"line":149,"column":57}},"21":{"start":{"line":150,"column":8},"end":{"line":150,"column":35}},"22":{"start":{"line":154,"column":8},"end":{"line":154,"column":51}},"23":{"start":{"line":166,"column":8},"end":{"line":166,"column":57}},"24":{"start":{"line":167,"column":8},"end":{"line":167,"column":32}},"25":{"start":{"line":173,"column":8},"end":{"line":173,"column":30}},"26":{"start":{"line":183,"column":8},"end":{"line":183,"column":57}},"27":{"start":{"line":184,"column":8},"end":{"line":184,"column":33}},"28":{"start":{"line":203,"column":8},"end":{"line":203,"column":57}},"29":{"start":{"line":204,"column":8},"end":{"line":204,"column":31}},"30":{"start":{"line":210,"column":8},"end":{"line":210,"column":32}},"31":{"start":{"line":214,"column":8},"end":{"line":214,"column":53}},"32":{"start":{"line":220,"column":8},"end":{"line":220,"column":65}},"33":{"start":{"line":225,"column":8},"end":{"line":225,"column":71}},"34":{"start":{"line":239,"column":8},"end":{"line":239,"column":60}},"35":{"start":{"line":241,"column":8},"end":{"line":241,"column":8692}},"36":{"start":{"line":243,"column":12},"end":{"line":243,"column":50}},"37":{"start":{"line":245,"column":12},"end":{"line":245,"column":8935}},"38":{"start":{"line":249,"column":17},"end":{"line":249,"column":9075}},"39":{"start":{"line":253,"column":17},"end":{"line":253,"column":9215}},"40":{"start":{"line":258,"column":16},"end":{"line":258,"column":58}},"41":{"start":{"line":265,"column":8},"end":{"line":265,"column":16}},"42":{"start":{"line":275,"column":8},"end":{"line":275,"column":46}},"43":{"start":{"line":276,"column":8},"end":{"line":276,"column":44}},"44":{"start":{"line":277,"column":8},"end":{"line":277,"column":10441}},"45":{"start":{"line":282,"column":8},"end":{"line":282,"column":31}},"46":{"start":{"line":294,"column":8},"end":{"line":294,"column":46}},"47":{"start":{"line":295,"column":8},"end":{"line":295,"column":53}},"48":{"start":{"line":296,"column":8},"end":{"line":296,"column":30}},"49":{"start":{"line":310,"column":8},"end":{"line":310,"column":12224}},"50":{"start":{"line":321,"column":8},"end":{"line":321,"column":12499}},"51":{"start":{"line":337,"column":8},"end":{"line":337,"column":21}}},"branchMap":{"1":{"line":43,"type":"if","locations":[{"start":{"line":43,"column":53},"end":{"line":43,"column":53}},{"start":{"line":43,"column":53},"end":{"line":43,"column":53}}]},"2":{"line":49,"type":"if","locations":[{"start":{"line":49,"column":40},"end":{"line":49,"column":40}},{"start":{"line":49,"column":40},"end":{"line":49,"column":40}}]},"3":{"line":72,"type":"if","locations":[{"start":{"line":72,"column":63},"end":{"line":72,"column":63}},{"start":{"line":72,"column":63},"end":{"line":72,"column":63}}]},"4":{"line":73,"type":"if","locations":[{"start":{"line":73,"column":8},"end":{"line":73,"column":8}},{"start":{"line":73,"column":8},"end":{"line":73,"column":8}}]},"5":{"line":96,"type":"if","locations":[{"start":{"line":96,"column":14},"end":{"line":96,"column":14}},{"start":{"line":96,"column":14},"end":{"line":96,"column":14}}]},"6":{"line":102,"type":"if","locations":[{"start":{"line":102,"column":8},"end":{"line":102,"column":8}},{"start":{"line":102,"column":8},"end":{"line":102,"column":8}}]},"7":{"line":102,"type":"cond-expr","locations":[{"start":{"line":102,"column":12},"end":{"line":102,"column":23}},{"start":{"line":102,"column":28},"end":{"line":102,"column":39}}]},"8":{"line":103,"type":"if","locations":[{"start":{"line":103,"column":12},"end":{"line":103,"column":12}},{"start":{"line":103,"column":12},"end":{"line":103,"column":12}}]},"9":{"line":108,"type":"if","locations":[{"start":{"line":108,"column":31},"end":{"line":108,"column":31}},{"start":{"line":108,"column":31},"end":{"line":108,"column":31}}]},"10":{"line":122,"type":"if","locations":[{"start":{"line":122,"column":45},"end":{"line":122,"column":45}},{"start":{"line":122,"column":45},"end":{"line":122,"column":45}}]},"11":{"line":172,"type":"if","locations":[{"start":{"line":172,"column":19},"end":{"line":172,"column":19}},{"start":{"line":172,"column":19},"end":{"line":172,"column":19}}]},"12":{"line":190,"type":"if","locations":[{"start":{"line":190,"column":14},"end":{"line":190,"column":14}},{"start":{"line":190,"column":14},"end":{"line":190,"column":14}}]},"13":{"line":190,"type":"if","locations":[{"start":{"line":190,"column":35},"end":{"line":190,"column":35}},{"start":{"line":190,"column":35},"end":{"line":190,"column":35}}]},"14":{"line":209,"type":"if","locations":[{"start":{"line":209,"column":19},"end":{"line":209,"column":19}},{"start":{"line":209,"column":19},"end":{"line":209,"column":19}}]},"15":{"line":214,"type":"if","locations":[{"start":{"line":214,"column":8},"end":{"line":214,"column":8}},{"start":{"line":214,"column":8},"end":{"line":214,"column":8}}]},"16":{"line":220,"type":"if","locations":[{"start":{"line":220,"column":8},"end":{"line":220,"column":8}},{"start":{"line":220,"column":8},"end":{"line":220,"column":8}}]},"17":{"line":225,"type":"if","locations":[{"start":{"line":225,"column":8},"end":{"line":225,"column":8}},{"start":{"line":225,"column":8},"end":{"line":225,"column":8}}]},"18":{"line":239,"type":"if","locations":[{"start":{"line":239,"column":8},"end":{"line":239,"column":8}},{"start":{"line":239,"column":8},"end":{"line":239,"column":8}}]},"19":{"line":245,"type":"if","locations":[{"start":{"line":245,"column":12},"end":{"line":245,"column":12}},{"start":{"line":245,"column":12},"end":{"line":245,"column":12}}]},"20":{"line":249,"type":"if","locations":[{"start":{"line":249,"column":17},"end":{"line":249,"column":17}},{"start":{"line":249,"column":17},"end":{"line":249,"column":17}}]},"21":{"line":253,"type":"if","locations":[{"start":{"line":253,"column":17},"end":{"line":253,"column":17}},{"start":{"line":253,"column":17},"end":{"line":253,"column":17}}]},"22":{"line":275,"type":"if","locations":[{"start":{"line":275,"column":8},"end":{"line":275,"column":8}},{"start":{"line":275,"column":8},"end":{"line":275,"column":8}}]}}},"contracts/PeachV02.sol":{"l":{"40":0,"44":0,"45":0,"46":0,"50":0,"60":0,"73":0,"89":0,"90":0,"97":0,"98":0,"102":0,"103":0,"105":0,"109":0,"118":0,"119":0,"123":0,"124":0,"134":0,"135":0,"139":0,"149":0,"150":0,"154":0,"166":0,"167":0,"173":0,"183":0,"184":0,"191":0,"203":0,"204":0,"210":0,"214":0,"216":0,"220":0,"221":0,"225":0,"226":0,"239":0,"241":0,"243":0,"245":0,"246":0,"250":0,"254":0,"258":0,"265":0,"275":0,"276":0,"277":0,"279":0,"280":0,"282":0,"294":0,"295":0,"296":0,"297":0,"300":0,"301":0,"304":0,"305":0,"308":0,"309":0,"310":0,"321":0,"334":0,"337":0},"path":"/Users/mbl3/w3x/peach/contracts/PeachV02.sol","s":{"1":0,"2":0,"3":0,"4":0,"5":0,"6":0,"7":0,"8":0,"9":0,"10":0,"11":0,"12":0,"13":0,"14":0,"15":0,"16":0,"17":0,"18":0,"19":0,"20":0,"21":0,"22":0,"23":0,"24":0,"25":0,"26":0,"27":0,"28":0,"29":0,"30":0,"31":0,"32":0,"33":0,"34":0,"35":0,"36":0,"37":0,"38":0,"39":0,"40":0,"41":0,"42":0,"43":0,"44":0,"45":0,"46":0,"47":0,"48":0,"49":0,"50":0,"51":0},"b":{"1":[0,0],"2":[0,0],"3":[0,0],"4":[0,0],"5":[0,0],"6":[0,0],"7":[0,0],"8":[0,0],"9":[0,0],"10":[0,0],"11":[0,0],"12":[0,0],"13":[0,0],"14":[0,0],"15":[0,0],"16":[0,0],"17":[0,0],"18":[0,0],"19":[0,0],"20":[0,0],"21":[0,0],"22":[0,0]},"f":{"1":0,"2":0,"3":0,"4":0,"5":0,"6":0,"7":0,"8":0,"9":0,"10":0,"11":0,"12":0,"13":0,"14":0,"15":0,"16":0,"17":0,"18":0,"19":0,"20":0,"21":0,"22":0,"23":0,"24":0,"25":0,"26":0,"27":0},"fnMap":{"1":{"name":"constructor","line":39,"loc":{"start":{"line":39,"column":4},"end":{"line":41,"column":4}}},"2":{"name":"initialize","line":43,"loc":{"start":{"line":43,"column":4},"end":{"line":47,"column":4}}},"3":{"name":"endUpgradeability","line":49,"loc":{"start":{"line":49,"column":4},"end":{"line":57,"column":4}}},"4":{"name":"upgradeabilityEnded","line":59,"loc":{"start":{"line":59,"column":4},"end":{"line":70,"column":4}}},"5":{"name":"_authorizeUpgrade","line":72,"loc":{"start":{"line":72,"column":4},"end":{"line":77,"column":4}}},"6":{"name":"setToken","line":85,"loc":{"start":{"line":85,"column":4},"end":{"line":91,"column":4}}},"7":{"name":"_setToken","line":96,"loc":{"start":{"line":93,"column":4},"end":{"line":99,"column":4}}},"8":{"name":"onlyIfSufficientFunds","line":101,"loc":{"start":{"line":101,"column":4},"end":{"line":106,"column":4}}},"9":{"name":"withdraw","line":108,"loc":{"start":{"line":108,"column":4},"end":{"line":110,"column":4}}},"10":{"name":"nixToken","line":117,"loc":{"start":{"line":117,"column":4},"end":{"line":120,"column":4}}},"11":{"name":"_nixToken","line":122,"loc":{"start":{"line":122,"column":4},"end":{"line":125,"column":4}}},"12":{"name":"getOwner","line":133,"loc":{"start":{"line":133,"column":4},"end":{"line":136,"column":4}}},"13":{"name":"_getOwner","line":138,"loc":{"start":{"line":138,"column":4},"end":{"line":140,"column":4}}},"14":{"name":"modOwner","line":148,"loc":{"start":{"line":148,"column":4},"end":{"line":151,"column":4}}},"15":{"name":"_modOwner","line":153,"loc":{"start":{"line":153,"column":4},"end":{"line":155,"column":4}}},"16":{"name":"getName","line":163,"loc":{"start":{"line":163,"column":4},"end":{"line":168,"column":4}}},"17":{"name":"_getName","line":172,"loc":{"start":{"line":170,"column":4},"end":{"line":174,"column":4}}},"18":{"name":"modName","line":182,"loc":{"start":{"line":182,"column":4},"end":{"line":185,"column":4}}},"19":{"name":"_modName","line":190,"loc":{"start":{"line":187,"column":4},"end":{"line":192,"column":4}}},"20":{"name":"getPic","line":200,"loc":{"start":{"line":200,"column":4},"end":{"line":205,"column":4}}},"21":{"name":"_getPic","line":209,"loc":{"start":{"line":207,"column":4},"end":{"line":211,"column":4}}},"22":{"name":"onlyValidName","line":213,"loc":{"start":{"line":213,"column":4},"end":{"line":217,"column":4}}},"23":{"name":"onlyOwnerOf","line":219,"loc":{"start":{"line":219,"column":4},"end":{"line":222,"column":4}}},"24":{"name":"onlyExistentToken","line":224,"loc":{"start":{"line":224,"column":4},"end":{"line":227,"column":4}}},"25":{"name":"validateColorhexAndGetId","line":235,"loc":{"start":{"line":235,"column":4},"end":{"line":266,"column":4}}},"26":{"name":"getColorhex","line":274,"loc":{"start":{"line":274,"column":4},"end":{"line":283,"column":4}}},"27":{"name":"tokenURI","line":291,"loc":{"start":{"line":291,"column":4},"end":{"line":338,"column":4}}}},"statementMap":{"1":{"start":{"line":40,"column":8},"end":{"line":40,"column":29}},"2":{"start":{"line":44,"column":8},"end":{"line":44,"column":36}},"3":{"start":{"line":45,"column":8},"end":{"line":45,"column":35}},"4":{"start":{"line":46,"column":8},"end":{"line":46,"column":31}},"5":{"start":{"line":60,"column":8},"end":{"line":60,"column":2143}},"6":{"start":{"line":73,"column":8},"end":{"line":73,"column":2514}},"7":{"start":{"line":89,"column":8},"end":{"line":89,"column":57}},"8":{"start":{"line":90,"column":8},"end":{"line":90,"column":31}},"9":{"start":{"line":97,"column":8},"end":{"line":97,"column":37}},"10":{"start":{"line":98,"column":8},"end":{"line":98,"column":30}},"11":{"start":{"line":102,"column":8},"end":{"line":102,"column":3412}},"12":{"start":{"line":103,"column":12},"end":{"line":103,"column":68}},"13":{"start":{"line":109,"column":8},"end":{"line":109,"column":55}},"14":{"start":{"line":118,"column":8},"end":{"line":118,"column":57}},"15":{"start":{"line":119,"column":8},"end":{"line":119,"column":25}},"16":{"start":{"line":123,"column":8},"end":{"line":123,"column":21}},"17":{"start":{"line":134,"column":8},"end":{"line":134,"column":57}},"18":{"start":{"line":135,"column":8},"end":{"line":135,"column":33}},"19":{"start":{"line":139,"column":8},"end":{"line":139,"column":31}},"20":{"start":{"line":149,"column":8},"end":{"line":149,"column":57}},"21":{"start":{"line":150,"column":8},"end":{"line":150,"column":35}},"22":{"start":{"line":154,"column":8},"end":{"line":154,"column":51}},"23":{"start":{"line":166,"column":8},"end":{"line":166,"column":57}},"24":{"start":{"line":167,"column":8},"end":{"line":167,"column":32}},"25":{"start":{"line":173,"column":8},"end":{"line":173,"column":30}},"26":{"start":{"line":183,"column":8},"end":{"line":183,"column":57}},"27":{"start":{"line":184,"column":8},"end":{"line":184,"column":33}},"28":{"start":{"line":203,"column":8},"end":{"line":203,"column":57}},"29":{"start":{"line":204,"column":8},"end":{"line":204,"column":31}},"30":{"start":{"line":210,"column":8},"end":{"line":210,"column":32}},"31":{"start":{"line":214,"column":8},"end":{"line":214,"column":53}},"32":{"start":{"line":220,"column":8},"end":{"line":220,"column":65}},"33":{"start":{"line":225,"column":8},"end":{"line":225,"column":71}},"34":{"start":{"line":239,"column":8},"end":{"line":239,"column":60}},"35":{"start":{"line":241,"column":8},"end":{"line":241,"column":8692}},"36":{"start":{"line":243,"column":12},"end":{"line":243,"column":50}},"37":{"start":{"line":245,"column":12},"end":{"line":245,"column":8935}},"38":{"start":{"line":249,"column":17},"end":{"line":249,"column":9075}},"39":{"start":{"line":253,"column":17},"end":{"line":253,"column":9215}},"40":{"start":{"line":258,"column":16},"end":{"line":258,"column":58}},"41":{"start":{"line":265,"column":8},"end":{"line":265,"column":16}},"42":{"start":{"line":275,"column":8},"end":{"line":275,"column":46}},"43":{"start":{"line":276,"column":8},"end":{"line":276,"column":44}},"44":{"start":{"line":277,"column":8},"end":{"line":277,"column":10441}},"45":{"start":{"line":282,"column":8},"end":{"line":282,"column":31}},"46":{"start":{"line":294,"column":8},"end":{"line":294,"column":46}},"47":{"start":{"line":295,"column":8},"end":{"line":295,"column":53}},"48":{"start":{"line":296,"column":8},"end":{"line":296,"column":30}},"49":{"start":{"line":310,"column":8},"end":{"line":310,"column":12331}},"50":{"start":{"line":321,"column":8},"end":{"line":321,"column":12606}},"51":{"start":{"line":337,"column":8},"end":{"line":337,"column":21}}},"branchMap":{"1":{"line":43,"type":"if","locations":[{"start":{"line":43,"column":53},"end":{"line":43,"column":53}},{"start":{"line":43,"column":53},"end":{"line":43,"column":53}}]},"2":{"line":49,"type":"if","locations":[{"start":{"line":49,"column":40},"end":{"line":49,"column":40}},{"start":{"line":49,"column":40},"end":{"line":49,"column":40}}]},"3":{"line":72,"type":"if","locations":[{"start":{"line":72,"column":63},"end":{"line":72,"column":63}},{"start":{"line":72,"column":63},"end":{"line":72,"column":63}}]},"4":{"line":73,"type":"if","locations":[{"start":{"line":73,"column":8},"end":{"line":73,"column":8}},{"start":{"line":73,"column":8},"end":{"line":73,"column":8}}]},"5":{"line":96,"type":"if","locations":[{"start":{"line":96,"column":14},"end":{"line":96,"column":14}},{"start":{"line":96,"column":14},"end":{"line":96,"column":14}}]},"6":{"line":102,"type":"if","locations":[{"start":{"line":102,"column":8},"end":{"line":102,"column":8}},{"start":{"line":102,"column":8},"end":{"line":102,"column":8}}]},"7":{"line":102,"type":"cond-expr","locations":[{"start":{"line":102,"column":12},"end":{"line":102,"column":23}},{"start":{"line":102,"column":28},"end":{"line":102,"column":39}}]},"8":{"line":103,"type":"if","locations":[{"start":{"line":103,"column":12},"end":{"line":103,"column":12}},{"start":{"line":103,"column":12},"end":{"line":103,"column":12}}]},"9":{"line":108,"type":"if","locations":[{"start":{"line":108,"column":31},"end":{"line":108,"column":31}},{"start":{"line":108,"column":31},"end":{"line":108,"column":31}}]},"10":{"line":122,"type":"if","locations":[{"start":{"line":122,"column":45},"end":{"line":122,"column":45}},{"start":{"line":122,"column":45},"end":{"line":122,"column":45}}]},"11":{"line":172,"type":"if","locations":[{"start":{"line":172,"column":19},"end":{"line":172,"column":19}},{"start":{"line":172,"column":19},"end":{"line":172,"column":19}}]},"12":{"line":190,"type":"if","locations":[{"start":{"line":190,"column":14},"end":{"line":190,"column":14}},{"start":{"line":190,"column":14},"end":{"line":190,"column":14}}]},"13":{"line":190,"type":"if","locations":[{"start":{"line":190,"column":35},"end":{"line":190,"column":35}},{"start":{"line":190,"column":35},"end":{"line":190,"column":35}}]},"14":{"line":209,"type":"if","locations":[{"start":{"line":209,"column":19},"end":{"line":209,"column":19}},{"start":{"line":209,"column":19},"end":{"line":209,"column":19}}]},"15":{"line":214,"type":"if","locations":[{"start":{"line":214,"column":8},"end":{"line":214,"column":8}},{"start":{"line":214,"column":8},"end":{"line":214,"column":8}}]},"16":{"line":220,"type":"if","locations":[{"start":{"line":220,"column":8},"end":{"line":220,"column":8}},{"start":{"line":220,"column":8},"end":{"line":220,"column":8}}]},"17":{"line":225,"type":"if","locations":[{"start":{"line":225,"column":8},"end":{"line":225,"column":8}},{"start":{"line":225,"column":8},"end":{"line":225,"column":8}}]},"18":{"line":239,"type":"if","locations":[{"start":{"line":239,"column":8},"end":{"line":239,"column":8}},{"start":{"line":239,"column":8},"end":{"line":239,"column":8}}]},"19":{"line":245,"type":"if","locations":[{"start":{"line":245,"column":12},"end":{"line":245,"column":12}},{"start":{"line":245,"column":12},"end":{"line":245,"column":12}}]},"20":{"line":249,"type":"if","locations":[{"start":{"line":249,"column":17},"end":{"line":249,"column":17}},{"start":{"line":249,"column":17},"end":{"line":249,"column":17}}]},"21":{"line":253,"type":"if","locations":[{"start":{"line":253,"column":17},"end":{"line":253,"column":17}},{"start":{"line":253,"column":17},"end":{"line":253,"column":17}}]},"22":{"line":275,"type":"if","locations":[{"start":{"line":275,"column":8},"end":{"line":275,"column":8}},{"start":{"line":275,"column":8},"end":{"line":275,"column":8}}]}}},"contracts/PeachV03.sol":{"l":{"40":0,"44":0,"45":0,"46":0,"50":0,"60":0,"73":0,"89":0,"90":0,"97":0,"98":0,"102":0,"104":0,"117":0,"123":0,"128":0,"132":0,"141":0,"142":0,"146":0,"147":0,"157":0,"158":0,"162":0,"172":0,"173":0,"177":0,"189":0,"190":0,"196":0,"206":0,"207":0,"214":0,"226":0,"227":0,"233":0,"237":0,"239":0,"243":0,"244":0,"248":0,"249":0,"262":0,"264":0,"266":0,"268":0,"269":0,"273":0,"277":0,"281":0,"288":0,"298":0,"299":0,"300":0,"302":0,"303":0,"305":0,"317":0,"318":0,"319":0,"320":0,"323":0,"324":0,"327":0,"328":0,"331":0,"332":0,"333":0,"344":0,"357":0,"360":0},"path":"/Users/mbl3/w3x/peach/contracts/PeachV03.sol","s":{"1":0,"2":0,"3":0,"4":0,"5":0,"6":0,"7":0,"8":0,"9":0,"10":0,"11":0,"12":0,"13":0,"14":0,"15":0,"16":0,"17":0,"18":0,"19":0,"20":0,"21":0,"22":0,"23":0,"24":0,"25":0,"26":0,"27":0,"28":0,"29":0,"30":0,"31":0,"32":0,"33":0,"34":0,"35":0,"36":0,"37":0,"38":0,"39":0,"40":0,"41":0,"42":0,"43":0,"44":0,"45":0,"46":0,"47":0,"48":0,"49":0,"50":0,"51":0,"52":0,"53":0,"54":0},"b":{"1":[0,0],"2":[0,0],"3":[0,0],"4":[0,0],"5":[0,0],"6":[0,0],"7":[0,0],"8":[0,0],"9":[0,0],"10":[0,0],"11":[0,0],"12":[0,0],"13":[0,0],"14":[0,0],"15":[0,0],"16":[0,0],"17":[0,0],"18":[0,0],"19":[0,0],"20":[0,0],"21":[0,0],"22":[0,0],"23":[0,0],"24":[0,0],"25":[0,0],"26":[0,0],"27":[0,0],"28":[0,0],"29":[0,0],"30":[0,0]},"f":{"1":0,"2":0,"3":0,"4":0,"5":0,"6":0,"7":0,"8":0,"9":0,"10":0,"11":0,"12":0,"13":0,"14":0,"15":0,"16":0,"17":0,"18":0,"19":0,"20":0,"21":0,"22":0,"23":0,"24":0,"25":0,"26":0,"27":0},"fnMap":{"1":{"name":"constructor","line":39,"loc":{"start":{"line":39,"column":4},"end":{"line":41,"column":4}}},"2":{"name":"initialize","line":43,"loc":{"start":{"line":43,"column":4},"end":{"line":47,"column":4}}},"3":{"name":"endUpgradeability","line":49,"loc":{"start":{"line":49,"column":4},"end":{"line":57,"column":4}}},"4":{"name":"upgradeabilityEnded","line":59,"loc":{"start":{"line":59,"column":4},"end":{"line":70,"column":4}}},"5":{"name":"_authorizeUpgrade","line":72,"loc":{"start":{"line":72,"column":4},"end":{"line":77,"column":4}}},"6":{"name":"setToken","line":85,"loc":{"start":{"line":85,"column":4},"end":{"line":91,"column":4}}},"7":{"name":"_setToken","line":96,"loc":{"start":{"line":93,"column":4},"end":{"line":99,"column":4}}},"8":{"name":"onlyIfSufficientFunds","line":101,"loc":{"start":{"line":101,"column":4},"end":{"line":129,"column":4}}},"9":{"name":"withdraw","line":131,"loc":{"start":{"line":131,"column":4},"end":{"line":133,"column":4}}},"10":{"name":"nixToken","line":140,"loc":{"start":{"line":140,"column":4},"end":{"line":143,"column":4}}},"11":{"name":"_nixToken","line":145,"loc":{"start":{"line":145,"column":4},"end":{"line":148,"column":4}}},"12":{"name":"getOwner","line":156,"loc":{"start":{"line":156,"column":4},"end":{"line":159,"column":4}}},"13":{"name":"_getOwner","line":161,"loc":{"start":{"line":161,"column":4},"end":{"line":163,"column":4}}},"14":{"name":"modOwner","line":171,"loc":{"start":{"line":171,"column":4},"end":{"line":174,"column":4}}},"15":{"name":"_modOwner","line":176,"loc":{"start":{"line":176,"column":4},"end":{"line":178,"column":4}}},"16":{"name":"getName","line":186,"loc":{"start":{"line":186,"column":4},"end":{"line":191,"column":4}}},"17":{"name":"_getName","line":195,"loc":{"start":{"line":193,"column":4},"end":{"line":197,"column":4}}},"18":{"name":"modName","line":205,"loc":{"start":{"line":205,"column":4},"end":{"line":208,"column":4}}},"19":{"name":"_modName","line":213,"loc":{"start":{"line":210,"column":4},"end":{"line":215,"column":4}}},"20":{"name":"getPic","line":223,"loc":{"start":{"line":223,"column":4},"end":{"line":228,"column":4}}},"21":{"name":"_getPic","line":232,"loc":{"start":{"line":230,"column":4},"end":{"line":234,"column":4}}},"22":{"name":"onlyValidName","line":236,"loc":{"start":{"line":236,"column":4},"end":{"line":240,"column":4}}},"23":{"name":"onlyOwnerOf","line":242,"loc":{"start":{"line":242,"column":4},"end":{"line":245,"column":4}}},"24":{"name":"onlyExistentToken","line":247,"loc":{"start":{"line":247,"column":4},"end":{"line":250,"column":4}}},"25":{"name":"validateColorhexAndGetId","line":258,"loc":{"start":{"line":258,"column":4},"end":{"line":289,"column":4}}},"26":{"name":"getColorhex","line":297,"loc":{"start":{"line":297,"column":4},"end":{"line":306,"column":4}}},"27":{"name":"tokenURI","line":314,"loc":{"start":{"line":314,"column":4},"end":{"line":361,"column":4}}}},"statementMap":{"1":{"start":{"line":40,"column":8},"end":{"line":40,"column":29}},"2":{"start":{"line":44,"column":8},"end":{"line":44,"column":36}},"3":{"start":{"line":45,"column":8},"end":{"line":45,"column":35}},"4":{"start":{"line":46,"column":8},"end":{"line":46,"column":31}},"5":{"start":{"line":60,"column":8},"end":{"line":60,"column":2143}},"6":{"start":{"line":73,"column":8},"end":{"line":73,"column":2514}},"7":{"start":{"line":89,"column":8},"end":{"line":89,"column":57}},"8":{"start":{"line":90,"column":8},"end":{"line":90,"column":31}},"9":{"start":{"line":97,"column":8},"end":{"line":97,"column":37}},"10":{"start":{"line":98,"column":8},"end":{"line":98,"column":30}},"11":{"start":{"line":102,"column":8},"end":{"line":102,"column":3412}},"12":{"start":{"line":104,"column":12},"end":{"line":104,"column":3526}},"13":{"start":{"line":108,"column":15},"end":{"line":108,"column":3707}},"14":{"start":{"line":117,"column":12},"end":{"line":117,"column":4012}},"15":{"start":{"line":123,"column":12},"end":{"line":123,"column":4266}},"16":{"start":{"line":132,"column":8},"end":{"line":132,"column":55}},"17":{"start":{"line":141,"column":8},"end":{"line":141,"column":57}},"18":{"start":{"line":142,"column":8},"end":{"line":142,"column":25}},"19":{"start":{"line":146,"column":8},"end":{"line":146,"column":21}},"20":{"start":{"line":157,"column":8},"end":{"line":157,"column":57}},"21":{"start":{"line":158,"column":8},"end":{"line":158,"column":33}},"22":{"start":{"line":162,"column":8},"end":{"line":162,"column":31}},"23":{"start":{"line":172,"column":8},"end":{"line":172,"column":57}},"24":{"start":{"line":173,"column":8},"end":{"line":173,"column":35}},"25":{"start":{"line":177,"column":8},"end":{"line":177,"column":51}},"26":{"start":{"line":189,"column":8},"end":{"line":189,"column":57}},"27":{"start":{"line":190,"column":8},"end":{"line":190,"column":32}},"28":{"start":{"line":196,"column":8},"end":{"line":196,"column":30}},"29":{"start":{"line":206,"column":8},"end":{"line":206,"column":57}},"30":{"start":{"line":207,"column":8},"end":{"line":207,"column":33}},"31":{"start":{"line":226,"column":8},"end":{"line":226,"column":57}},"32":{"start":{"line":227,"column":8},"end":{"line":227,"column":31}},"33":{"start":{"line":233,"column":8},"end":{"line":233,"column":32}},"34":{"start":{"line":237,"column":8},"end":{"line":237,"column":53}},"35":{"start":{"line":243,"column":8},"end":{"line":243,"column":65}},"36":{"start":{"line":248,"column":8},"end":{"line":248,"column":71}},"37":{"start":{"line":262,"column":8},"end":{"line":262,"column":60}},"38":{"start":{"line":264,"column":8},"end":{"line":264,"column":9584}},"39":{"start":{"line":266,"column":12},"end":{"line":266,"column":50}},"40":{"start":{"line":268,"column":12},"end":{"line":268,"column":9827}},"41":{"start":{"line":272,"column":17},"end":{"line":272,"column":9967}},"42":{"start":{"line":276,"column":17},"end":{"line":276,"column":10107}},"43":{"start":{"line":281,"column":16},"end":{"line":281,"column":58}},"44":{"start":{"line":288,"column":8},"end":{"line":288,"column":16}},"45":{"start":{"line":298,"column":8},"end":{"line":298,"column":46}},"46":{"start":{"line":299,"column":8},"end":{"line":299,"column":44}},"47":{"start":{"line":300,"column":8},"end":{"line":300,"column":11333}},"48":{"start":{"line":305,"column":8},"end":{"line":305,"column":31}},"49":{"start":{"line":317,"column":8},"end":{"line":317,"column":46}},"50":{"start":{"line":318,"column":8},"end":{"line":318,"column":53}},"51":{"start":{"line":319,"column":8},"end":{"line":319,"column":30}},"52":{"start":{"line":333,"column":8},"end":{"line":333,"column":13223}},"53":{"start":{"line":344,"column":8},"end":{"line":344,"column":13498}},"54":{"start":{"line":360,"column":8},"end":{"line":360,"column":21}}},"branchMap":{"1":{"line":43,"type":"if","locations":[{"start":{"line":43,"column":53},"end":{"line":43,"column":53}},{"start":{"line":43,"column":53},"end":{"line":43,"column":53}}]},"2":{"line":49,"type":"if","locations":[{"start":{"line":49,"column":40},"end":{"line":49,"column":40}},{"start":{"line":49,"column":40},"end":{"line":49,"column":40}}]},"3":{"line":72,"type":"if","locations":[{"start":{"line":72,"column":63},"end":{"line":72,"column":63}},{"start":{"line":72,"column":63},"end":{"line":72,"column":63}}]},"4":{"line":73,"type":"if","locations":[{"start":{"line":73,"column":8},"end":{"line":73,"column":8}},{"start":{"line":73,"column":8},"end":{"line":73,"column":8}}]},"5":{"line":96,"type":"if","locations":[{"start":{"line":96,"column":14},"end":{"line":96,"column":14}},{"start":{"line":96,"column":14},"end":{"line":96,"column":14}}]},"6":{"line":102,"type":"if","locations":[{"start":{"line":102,"column":8},"end":{"line":102,"column":8}},{"start":{"line":102,"column":8},"end":{"line":102,"column":8}}]},"7":{"line":102,"type":"cond-expr","locations":[{"start":{"line":102,"column":12},"end":{"line":102,"column":23}},{"start":{"line":102,"column":28},"end":{"line":102,"column":46}}]},"8":{"line":104,"type":"if","locations":[{"start":{"line":104,"column":12},"end":{"line":104,"column":12}},{"start":{"line":104,"column":12},"end":{"line":104,"column":12}}]},"9":{"line":108,"type":"if","locations":[{"start":{"line":108,"column":15},"end":{"line":108,"column":15}},{"start":{"line":108,"column":15},"end":{"line":108,"column":15}}]},"10":{"line":109,"type":"cond-expr","locations":[{"start":{"line":109,"column":12},"end":{"line":109,"column":25}},{"start":{"line":110,"column":12},"end":{"line":110,"column":27}}]},"11":{"line":109,"type":"cond-expr","locations":[{"start":{"line":109,"column":12},"end":{"line":110,"column":27}},{"start":{"line":111,"column":12},"end":{"line":111,"column":30}}]},"12":{"line":109,"type":"cond-expr","locations":[{"start":{"line":109,"column":12},"end":{"line":111,"column":30}},{"start":{"line":112,"column":12},"end":{"line":112,"column":27}}]},"13":{"line":109,"type":"cond-expr","locations":[{"start":{"line":109,"column":12},"end":{"line":112,"column":27}},{"start":{"line":113,"column":12},"end":{"line":113,"column":30}}]},"14":{"line":109,"type":"cond-expr","locations":[{"start":{"line":109,"column":12},"end":{"line":113,"column":30}},{"start":{"line":114,"column":12},"end":{"line":114,"column":30}}]},"15":{"line":117,"type":"if","locations":[{"start":{"line":117,"column":12},"end":{"line":117,"column":12}},{"start":{"line":117,"column":12},"end":{"line":117,"column":12}}]},"16":{"line":123,"type":"if","locations":[{"start":{"line":123,"column":12},"end":{"line":123,"column":12}},{"start":{"line":123,"column":12},"end":{"line":123,"column":12}}]},"17":{"line":131,"type":"if","locations":[{"start":{"line":131,"column":31},"end":{"line":131,"column":31}},{"start":{"line":131,"column":31},"end":{"line":131,"column":31}}]},"18":{"line":145,"type":"if","locations":[{"start":{"line":145,"column":45},"end":{"line":145,"column":45}},{"start":{"line":145,"column":45},"end":{"line":145,"column":45}}]},"19":{"line":195,"type":"if","locations":[{"start":{"line":195,"column":19},"end":{"line":195,"column":19}},{"start":{"line":195,"column":19},"end":{"line":195,"column":19}}]},"20":{"line":213,"type":"if","locations":[{"start":{"line":213,"column":14},"end":{"line":213,"column":14}},{"start":{"line":213,"column":14},"end":{"line":213,"column":14}}]},"21":{"line":213,"type":"if","locations":[{"start":{"line":213,"column":35},"end":{"line":213,"column":35}},{"start":{"line":213,"column":35},"end":{"line":213,"column":35}}]},"22":{"line":232,"type":"if","locations":[{"start":{"line":232,"column":19},"end":{"line":232,"column":19}},{"start":{"line":232,"column":19},"end":{"line":232,"column":19}}]},"23":{"line":237,"type":"if","locations":[{"start":{"line":237,"column":8},"end":{"line":237,"column":8}},{"start":{"line":237,"column":8},"end":{"line":237,"column":8}}]},"24":{"line":243,"type":"if","locations":[{"start":{"line":243,"column":8},"end":{"line":243,"column":8}},{"start":{"line":243,"column":8},"end":{"line":243,"column":8}}]},"25":{"line":248,"type":"if","locations":[{"start":{"line":248,"column":8},"end":{"line":248,"column":8}},{"start":{"line":248,"column":8},"end":{"line":248,"column":8}}]},"26":{"line":262,"type":"if","locations":[{"start":{"line":262,"column":8},"end":{"line":262,"column":8}},{"start":{"line":262,"column":8},"end":{"line":262,"column":8}}]},"27":{"line":268,"type":"if","locations":[{"start":{"line":268,"column":12},"end":{"line":268,"column":12}},{"start":{"line":268,"column":12},"end":{"line":268,"column":12}}]},"28":{"line":272,"type":"if","locations":[{"start":{"line":272,"column":17},"end":{"line":272,"column":17}},{"start":{"line":272,"column":17},"end":{"line":272,"column":17}}]},"29":{"line":276,"type":"if","locations":[{"start":{"line":276,"column":17},"end":{"line":276,"column":17}},{"start":{"line":276,"column":17},"end":{"line":276,"column":17}}]},"30":{"line":298,"type":"if","locations":[{"start":{"line":298,"column":8},"end":{"line":298,"column":8}},{"start":{"line":298,"column":8},"end":{"line":298,"column":8}}]}}},"contracts/PeachV04.sol":{"l":{"47":0,"51":0,"52":0,"53":0,"57":0,"65":0,"69":0,"82":0,"98":0,"99":0,"106":0,"107":0,"111":0,"113":0,"126":0,"132":0,"137":0,"142":0,"143":0,"144":0,"153":0,"154":0,"158":0,"159":0,"170":0,"171":0,"175":0,"185":0,"186":0,"190":0,"202":0,"203":0,"204":0,"208":0,"218":0,"219":0,"226":0,"227":0,"228":0,"240":0,"241":0,"247":0,"251":0,"253":0,"257":0,"258":0,"262":0,"263":0,"276":0,"278":0,"280":0,"282":0,"283":0,"287":0,"291":0,"295":0,"302":0,"312":0,"313":0,"314":0,"316":0,"317":0,"319":0,"331":0,"332":0,"333":0,"334":0,"337":0,"338":0,"341":0,"342":0,"345":0,"346":0,"347":0,"358":0,"371":0,"374":0},"path":"/Users/mbl3/w3x/peach/contracts/PeachV04.sol","s":{"1":0,"2":0,"3":0,"4":0,"5":0,"6":0,"7":0,"8":0,"9":0,"10":0,"11":0,"12":0,"13":0,"14":0,"15":0,"16":0,"17":0,"18":0,"19":0,"20":0,"21":0,"22":0,"23":0,"24":0,"25":0,"26":0,"27":0,"28":0,"29":0,"30":0,"31":0,"32":0,"33":0,"34":0,"35":0,"36":0,"37":0,"38":0,"39":0,"40":0,"41":0,"42":0,"43":0,"44":0,"45":0,"46":0,"47":0,"48":0,"49":0,"50":0,"51":0,"52":0,"53":0,"54":0,"55":0,"56":0,"57":0,"58":0,"59":0,"60":0,"61":0},"b":{"1":[0,0],"2":[0,0],"3":[0,0],"4":[0,0],"5":[0,0],"6":[0,0],"7":[0,0],"8":[0,0],"9":[0,0],"10":[0,0],"11":[0,0],"12":[0,0],"13":[0,0],"14":[0,0],"15":[0,0],"16":[0,0],"17":[0,0],"18":[0,0],"19":[0,0],"20":[0,0],"21":[0,0],"22":[0,0],"23":[0,0],"24":[0,0],"25":[0,0],"26":[0,0],"27":[0,0],"28":[0,0],"29":[0,0],"30":[0,0]},"f":{"1":0,"2":0,"3":0,"4":0,"5":0,"6":0,"7":0,"8":0,"9":0,"10":0,"11":0,"12":0,"13":0,"14":0,"15":0,"16":0,"17":0,"18":0,"19":0,"20":0,"21":0,"22":0,"23":0,"24":0,"25":0,"26":0,"27":0},"fnMap":{"1":{"name":"constructor","line":46,"loc":{"start":{"line":46,"column":4},"end":{"line":48,"column":4}}},"2":{"name":"initialize","line":50,"loc":{"start":{"line":50,"column":4},"end":{"line":54,"column":4}}},"3":{"name":"endUpgradeability","line":56,"loc":{"start":{"line":56,"column":4},"end":{"line":66,"column":4}}},"4":{"name":"upgradeabilityEnded","line":68,"loc":{"start":{"line":68,"column":4},"end":{"line":79,"column":4}}},"5":{"name":"_authorizeUpgrade","line":81,"loc":{"start":{"line":81,"column":4},"end":{"line":86,"column":4}}},"6":{"name":"setToken","line":94,"loc":{"start":{"line":94,"column":4},"end":{"line":100,"column":4}}},"7":{"name":"_setToken","line":105,"loc":{"start":{"line":102,"column":4},"end":{"line":108,"column":4}}},"8":{"name":"onlyIfSufficientFunds","line":110,"loc":{"start":{"line":110,"column":4},"end":{"line":138,"column":4}}},"9":{"name":"withdraw","line":140,"loc":{"start":{"line":140,"column":4},"end":{"line":145,"column":4}}},"10":{"name":"nixToken","line":152,"loc":{"start":{"line":152,"column":4},"end":{"line":155,"column":4}}},"11":{"name":"_nixToken","line":157,"loc":{"start":{"line":157,"column":4},"end":{"line":161,"column":4}}},"12":{"name":"getOwner","line":169,"loc":{"start":{"line":169,"column":4},"end":{"line":172,"column":4}}},"13":{"name":"_getOwner","line":174,"loc":{"start":{"line":174,"column":4},"end":{"line":176,"column":4}}},"14":{"name":"modOwner","line":184,"loc":{"start":{"line":184,"column":4},"end":{"line":187,"column":4}}},"15":{"name":"_modOwner","line":189,"loc":{"start":{"line":189,"column":4},"end":{"line":191,"column":4}}},"16":{"name":"getName","line":199,"loc":{"start":{"line":199,"column":4},"end":{"line":205,"column":4}}},"17":{"name":"_getName","line":207,"loc":{"start":{"line":207,"column":4},"end":{"line":209,"column":4}}},"18":{"name":"modName","line":217,"loc":{"start":{"line":217,"column":4},"end":{"line":220,"column":4}}},"19":{"name":"_modName","line":225,"loc":{"start":{"line":222,"column":4},"end":{"line":229,"column":4}}},"20":{"name":"getPic","line":237,"loc":{"start":{"line":237,"column":4},"end":{"line":242,"column":4}}},"21":{"name":"_getPic","line":246,"loc":{"start":{"line":244,"column":4},"end":{"line":248,"column":4}}},"22":{"name":"onlyValidName","line":250,"loc":{"start":{"line":250,"column":4},"end":{"line":254,"column":4}}},"23":{"name":"onlyOwnerOf","line":256,"loc":{"start":{"line":256,"column":4},"end":{"line":259,"column":4}}},"24":{"name":"onlyExistentToken","line":261,"loc":{"start":{"line":261,"column":4},"end":{"line":264,"column":4}}},"25":{"name":"validateColorhexAndGetId","line":272,"loc":{"start":{"line":272,"column":4},"end":{"line":303,"column":4}}},"26":{"name":"getColorhex","line":311,"loc":{"start":{"line":311,"column":4},"end":{"line":320,"column":4}}},"27":{"name":"tokenURI","line":328,"loc":{"start":{"line":328,"column":4},"end":{"line":375,"column":4}}}},"statementMap":{"1":{"start":{"line":47,"column":8},"end":{"line":47,"column":29}},"2":{"start":{"line":51,"column":8},"end":{"line":51,"column":36}},"3":{"start":{"line":52,"column":8},"end":{"line":52,"column":35}},"4":{"start":{"line":53,"column":8},"end":{"line":53,"column":31}},"5":{"start":{"line":65,"column":8},"end":{"line":65,"column":44}},"6":{"start":{"line":69,"column":8},"end":{"line":69,"column":2315}},"7":{"start":{"line":82,"column":8},"end":{"line":82,"column":2686}},"8":{"start":{"line":98,"column":8},"end":{"line":98,"column":57}},"9":{"start":{"line":99,"column":8},"end":{"line":99,"column":31}},"10":{"start":{"line":106,"column":8},"end":{"line":106,"column":37}},"11":{"start":{"line":107,"column":8},"end":{"line":107,"column":30}},"12":{"start":{"line":111,"column":8},"end":{"line":111,"column":3584}},"13":{"start":{"line":113,"column":12},"end":{"line":113,"column":3698}},"14":{"start":{"line":117,"column":15},"end":{"line":117,"column":3879}},"15":{"start":{"line":126,"column":12},"end":{"line":126,"column":4184}},"16":{"start":{"line":132,"column":12},"end":{"line":132,"column":4438}},"17":{"start":{"line":142,"column":8},"end":{"line":142,"column":58}},"18":{"start":{"line":143,"column":8},"end":{"line":143,"column":55}},"19":{"start":{"line":144,"column":8},"end":{"line":144,"column":44}},"20":{"start":{"line":153,"column":8},"end":{"line":153,"column":57}},"21":{"start":{"line":154,"column":8},"end":{"line":154,"column":25}},"22":{"start":{"line":158,"column":8},"end":{"line":158,"column":28}},"23":{"start":{"line":159,"column":8},"end":{"line":159,"column":21}},"24":{"start":{"line":170,"column":8},"end":{"line":170,"column":57}},"25":{"start":{"line":171,"column":8},"end":{"line":171,"column":33}},"26":{"start":{"line":175,"column":8},"end":{"line":175,"column":31}},"27":{"start":{"line":185,"column":8},"end":{"line":185,"column":57}},"28":{"start":{"line":186,"column":8},"end":{"line":186,"column":35}},"29":{"start":{"line":190,"column":8},"end":{"line":190,"column":51}},"30":{"start":{"line":202,"column":8},"end":{"line":202,"column":57}},"31":{"start":{"line":203,"column":8},"end":{"line":203,"column":71}},"32":{"start":{"line":204,"column":8},"end":{"line":204,"column":32}},"33":{"start":{"line":208,"column":8},"end":{"line":208,"column":30}},"34":{"start":{"line":218,"column":8},"end":{"line":218,"column":57}},"35":{"start":{"line":219,"column":8},"end":{"line":219,"column":33}},"36":{"start":{"line":226,"column":8},"end":{"line":226,"column":49}},"37":{"start":{"line":228,"column":8},"end":{"line":228,"column":46}},"38":{"start":{"line":240,"column":8},"end":{"line":240,"column":57}},"39":{"start":{"line":241,"column":8},"end":{"line":241,"column":31}},"40":{"start":{"line":247,"column":8},"end":{"line":247,"column":32}},"41":{"start":{"line":251,"column":8},"end":{"line":251,"column":53}},"42":{"start":{"line":257,"column":8},"end":{"line":257,"column":65}},"43":{"start":{"line":262,"column":8},"end":{"line":262,"column":71}},"44":{"start":{"line":276,"column":8},"end":{"line":276,"column":60}},"45":{"start":{"line":278,"column":8},"end":{"line":278,"column":10131}},"46":{"start":{"line":280,"column":12},"end":{"line":280,"column":50}},"47":{"start":{"line":282,"column":12},"end":{"line":282,"column":10374}},"48":{"start":{"line":286,"column":17},"end":{"line":286,"column":10514}},"49":{"start":{"line":290,"column":17},"end":{"line":290,"column":10654}},"50":{"start":{"line":295,"column":16},"end":{"line":295,"column":58}},"51":{"start":{"line":302,"column":8},"end":{"line":302,"column":16}},"52":{"start":{"line":312,"column":8},"end":{"line":312,"column":46}},"53":{"start":{"line":313,"column":8},"end":{"line":313,"column":44}},"54":{"start":{"line":314,"column":8},"end":{"line":314,"column":11880}},"55":{"start":{"line":319,"column":8},"end":{"line":319,"column":31}},"56":{"start":{"line":331,"column":8},"end":{"line":331,"column":46}},"57":{"start":{"line":332,"column":8},"end":{"line":332,"column":53}},"58":{"start":{"line":333,"column":8},"end":{"line":333,"column":30}},"59":{"start":{"line":347,"column":8},"end":{"line":347,"column":13770}},"60":{"start":{"line":358,"column":8},"end":{"line":358,"column":14045}},"61":{"start":{"line":374,"column":8},"end":{"line":374,"column":21}}},"branchMap":{"1":{"line":50,"type":"if","locations":[{"start":{"line":50,"column":53},"end":{"line":50,"column":53}},{"start":{"line":50,"column":53},"end":{"line":50,"column":53}}]},"2":{"line":56,"type":"if","locations":[{"start":{"line":56,"column":40},"end":{"line":56,"column":40}},{"start":{"line":56,"column":40},"end":{"line":56,"column":40}}]},"3":{"line":81,"type":"if","locations":[{"start":{"line":81,"column":63},"end":{"line":81,"column":63}},{"start":{"line":81,"column":63},"end":{"line":81,"column":63}}]},"4":{"line":82,"type":"if","locations":[{"start":{"line":82,"column":8},"end":{"line":82,"column":8}},{"start":{"line":82,"column":8},"end":{"line":82,"column":8}}]},"5":{"line":105,"type":"if","locations":[{"start":{"line":105,"column":14},"end":{"line":105,"column":14}},{"start":{"line":105,"column":14},"end":{"line":105,"column":14}}]},"6":{"line":111,"type":"if","locations":[{"start":{"line":111,"column":8},"end":{"line":111,"column":8}},{"start":{"line":111,"column":8},"end":{"line":111,"column":8}}]},"7":{"line":111,"type":"cond-expr","locations":[{"start":{"line":111,"column":12},"end":{"line":111,"column":23}},{"start":{"line":111,"column":28},"end":{"line":111,"column":46}}]},"8":{"line":113,"type":"if","locations":[{"start":{"line":113,"column":12},"end":{"line":113,"column":12}},{"start":{"line":113,"column":12},"end":{"line":113,"column":12}}]},"9":{"line":117,"type":"if","locations":[{"start":{"line":117,"column":15},"end":{"line":117,"column":15}},{"start":{"line":117,"column":15},"end":{"line":117,"column":15}}]},"10":{"line":118,"type":"cond-expr","locations":[{"start":{"line":118,"column":12},"end":{"line":118,"column":25}},{"start":{"line":119,"column":12},"end":{"line":119,"column":27}}]},"11":{"line":118,"type":"cond-expr","locations":[{"start":{"line":118,"column":12},"end":{"line":119,"column":27}},{"start":{"line":120,"column":12},"end":{"line":120,"column":30}}]},"12":{"line":118,"type":"cond-expr","locations":[{"start":{"line":118,"column":12},"end":{"line":120,"column":30}},{"start":{"line":121,"column":12},"end":{"line":121,"column":27}}]},"13":{"line":118,"type":"cond-expr","locations":[{"start":{"line":118,"column":12},"end":{"line":121,"column":27}},{"start":{"line":122,"column":12},"end":{"line":122,"column":30}}]},"14":{"line":118,"type":"cond-expr","locations":[{"start":{"line":118,"column":12},"end":{"line":122,"column":30}},{"start":{"line":123,"column":12},"end":{"line":123,"column":30}}]},"15":{"line":126,"type":"if","locations":[{"start":{"line":126,"column":12},"end":{"line":126,"column":12}},{"start":{"line":126,"column":12},"end":{"line":126,"column":12}}]},"16":{"line":132,"type":"if","locations":[{"start":{"line":132,"column":12},"end":{"line":132,"column":12}},{"start":{"line":132,"column":12},"end":{"line":132,"column":12}}]},"17":{"line":140,"type":"if","locations":[{"start":{"line":140,"column":31},"end":{"line":140,"column":31}},{"start":{"line":140,"column":31},"end":{"line":140,"column":31}}]},"18":{"line":157,"type":"if","locations":[{"start":{"line":157,"column":45},"end":{"line":157,"column":45}},{"start":{"line":157,"column":45},"end":{"line":157,"column":45}}]},"19":{"line":203,"type":"if","locations":[{"start":{"line":203,"column":8},"end":{"line":203,"column":8}},{"start":{"line":203,"column":8},"end":{"line":203,"column":8}}]},"20":{"line":225,"type":"if","locations":[{"start":{"line":225,"column":14},"end":{"line":225,"column":14}},{"start":{"line":225,"column":14},"end":{"line":225,"column":14}}]},"21":{"line":225,"type":"if","locations":[{"start":{"line":225,"column":35},"end":{"line":225,"column":35}},{"start":{"line":225,"column":35},"end":{"line":225,"column":35}}]},"22":{"line":246,"type":"if","locations":[{"start":{"line":246,"column":19},"end":{"line":246,"column":19}},{"start":{"line":246,"column":19},"end":{"line":246,"column":19}}]},"23":{"line":251,"type":"if","locations":[{"start":{"line":251,"column":8},"end":{"line":251,"column":8}},{"start":{"line":251,"column":8},"end":{"line":251,"column":8}}]},"24":{"line":257,"type":"if","locations":[{"start":{"line":257,"column":8},"end":{"line":257,"column":8}},{"start":{"line":257,"column":8},"end":{"line":257,"column":8}}]},"25":{"line":262,"type":"if","locations":[{"start":{"line":262,"column":8},"end":{"line":262,"column":8}},{"start":{"line":262,"column":8},"end":{"line":262,"column":8}}]},"26":{"line":276,"type":"if","locations":[{"start":{"line":276,"column":8},"end":{"line":276,"column":8}},{"start":{"line":276,"column":8},"end":{"line":276,"column":8}}]},"27":{"line":282,"type":"if","locations":[{"start":{"line":282,"column":12},"end":{"line":282,"column":12}},{"start":{"line":282,"column":12},"end":{"line":282,"column":12}}]},"28":{"line":286,"type":"if","locations":[{"start":{"line":286,"column":17},"end":{"line":286,"column":17}},{"start":{"line":286,"column":17},"end":{"line":286,"column":17}}]},"29":{"line":290,"type":"if","locations":[{"start":{"line":290,"column":17},"end":{"line":290,"column":17}},{"start":{"line":290,"column":17},"end":{"line":290,"column":17}}]},"30":{"line":312,"type":"if","locations":[{"start":{"line":312,"column":8},"end":{"line":312,"column":8}},{"start":{"line":312,"column":8},"end":{"line":312,"column":8}}]}}},"contracts/PeachV05.sol":{"l":{"47":0,"51":0,"52":0,"53":0,"57":0,"65":0,"69":0,"82":0,"98":0,"99":0,"106":0,"107":0,"111":0,"113":0,"126":0,"132":0,"137":0,"142":0,"143":0,"144":0,"153":0,"154":0,"158":0,"159":0,"170":0,"171":0,"175":0,"185":0,"186":0,"190":0,"202":0,"203":0,"204":0,"208":0,"218":0,"219":0,"226":0,"227":0,"228":0,"240":0,"241":0,"247":0,"251":0,"253":0,"257":0,"258":0,"262":0,"263":0,"276":0,"278":0,"280":0,"282":0,"283":0,"287":0,"291":0,"295":0,"302":0,"312":0,"313":0,"314":0,"316":0,"317":0,"319":0,"331":0,"332":0,"333":0,"334":0,"337":0,"338":0,"341":0,"342":0,"345":0,"346":0,"347":0,"358":0,"371":0,"374":0},"path":"/Users/mbl3/w3x/peach/contracts/PeachV05.sol","s":{"1":0,"2":0,"3":0,"4":0,"5":0,"6":0,"7":0,"8":0,"9":0,"10":0,"11":0,"12":0,"13":0,"14":0,"15":0,"16":0,"17":0,"18":0,"19":0,"20":0,"21":0,"22":0,"23":0,"24":0,"25":0,"26":0,"27":0,"28":0,"29":0,"30":0,"31":0,"32":0,"33":0,"34":0,"35":0,"36":0,"37":0,"38":0,"39":0,"40":0,"41":0,"42":0,"43":0,"44":0,"45":0,"46":0,"47":0,"48":0,"49":0,"50":0,"51":0,"52":0,"53":0,"54":0,"55":0,"56":0,"57":0,"58":0,"59":0,"60":0,"61":0},"b":{"1":[0,0],"2":[0,0],"3":[0,0],"4":[0,0],"5":[0,0],"6":[0,0],"7":[0,0],"8":[0,0],"9":[0,0],"10":[0,0],"11":[0,0],"12":[0,0],"13":[0,0],"14":[0,0],"15":[0,0],"16":[0,0],"17":[0,0],"18":[0,0],"19":[0,0],"20":[0,0],"21":[0,0],"22":[0,0],"23":[0,0],"24":[0,0],"25":[0,0],"26":[0,0],"27":[0,0],"28":[0,0],"29":[0,0],"30":[0,0]},"f":{"1":0,"2":0,"3":0,"4":0,"5":0,"6":0,"7":0,"8":0,"9":0,"10":0,"11":0,"12":0,"13":0,"14":0,"15":0,"16":0,"17":0,"18":0,"19":0,"20":0,"21":0,"22":0,"23":0,"24":0,"25":0,"26":0,"27":0},"fnMap":{"1":{"name":"constructor","line":46,"loc":{"start":{"line":46,"column":4},"end":{"line":48,"column":4}}},"2":{"name":"initialize","line":50,"loc":{"start":{"line":50,"column":4},"end":{"line":54,"column":4}}},"3":{"name":"endUpgradeability","line":56,"loc":{"start":{"line":56,"column":4},"end":{"line":66,"column":4}}},"4":{"name":"upgradeabilityEnded","line":68,"loc":{"start":{"line":68,"column":4},"end":{"line":79,"column":4}}},"5":{"name":"_authorizeUpgrade","line":81,"loc":{"start":{"line":81,"column":4},"end":{"line":86,"column":4}}},"6":{"name":"setToken","line":94,"loc":{"start":{"line":94,"column":4},"end":{"line":100,"column":4}}},"7":{"name":"_setToken","line":105,"loc":{"start":{"line":102,"column":4},"end":{"line":108,"column":4}}},"8":{"name":"onlyIfSufficientFunds","line":110,"loc":{"start":{"line":110,"column":4},"end":{"line":138,"column":4}}},"9":{"name":"withdraw","line":140,"loc":{"start":{"line":140,"column":4},"end":{"line":145,"column":4}}},"10":{"name":"nixToken","line":152,"loc":{"start":{"line":152,"column":4},"end":{"line":155,"column":4}}},"11":{"name":"_nixToken","line":157,"loc":{"start":{"line":157,"column":4},"end":{"line":161,"column":4}}},"12":{"name":"getOwner","line":169,"loc":{"start":{"line":169,"column":4},"end":{"line":172,"column":4}}},"13":{"name":"_getOwner","line":174,"loc":{"start":{"line":174,"column":4},"end":{"line":176,"column":4}}},"14":{"name":"modOwner","line":184,"loc":{"start":{"line":184,"column":4},"end":{"line":187,"column":4}}},"15":{"name":"_modOwner","line":189,"loc":{"start":{"line":189,"column":4},"end":{"line":191,"column":4}}},"16":{"name":"getName","line":199,"loc":{"start":{"line":199,"column":4},"end":{"line":205,"column":4}}},"17":{"name":"_getName","line":207,"loc":{"start":{"line":207,"column":4},"end":{"line":209,"column":4}}},"18":{"name":"modName","line":217,"loc":{"start":{"line":217,"column":4},"end":{"line":220,"column":4}}},"19":{"name":"_modName","line":225,"loc":{"start":{"line":222,"column":4},"end":{"line":229,"column":4}}},"20":{"name":"getPic","line":237,"loc":{"start":{"line":237,"column":4},"end":{"line":242,"column":4}}},"21":{"name":"_getPic","line":246,"loc":{"start":{"line":244,"column":4},"end":{"line":248,"column":4}}},"22":{"name":"onlyValidName","line":250,"loc":{"start":{"line":250,"column":4},"end":{"line":254,"column":4}}},"23":{"name":"onlyOwnerOf","line":256,"loc":{"start":{"line":256,"column":4},"end":{"line":259,"column":4}}},"24":{"name":"onlyExistentToken","line":261,"loc":{"start":{"line":261,"column":4},"end":{"line":264,"column":4}}},"25":{"name":"validateColorhexAndGetId","line":272,"loc":{"start":{"line":272,"column":4},"end":{"line":303,"column":4}}},"26":{"name":"getColorhex","line":311,"loc":{"start":{"line":311,"column":4},"end":{"line":320,"column":4}}},"27":{"name":"tokenURI","line":328,"loc":{"start":{"line":328,"column":4},"end":{"line":375,"column":4}}}},"statementMap":{"1":{"start":{"line":47,"column":8},"end":{"line":47,"column":29}},"2":{"start":{"line":51,"column":8},"end":{"line":51,"column":36}},"3":{"start":{"line":52,"column":8},"end":{"line":52,"column":35}},"4":{"start":{"line":53,"column":8},"end":{"line":53,"column":31}},"5":{"start":{"line":65,"column":8},"end":{"line":65,"column":44}},"6":{"start":{"line":69,"column":8},"end":{"line":69,"column":2315}},"7":{"start":{"line":82,"column":8},"end":{"line":82,"column":2686}},"8":{"start":{"line":98,"column":8},"end":{"line":98,"column":57}},"9":{"start":{"line":99,"column":8},"end":{"line":99,"column":31}},"10":{"start":{"line":106,"column":8},"end":{"line":106,"column":37}},"11":{"start":{"line":107,"column":8},"end":{"line":107,"column":30}},"12":{"start":{"line":111,"column":8},"end":{"line":111,"column":3584}},"13":{"start":{"line":113,"column":12},"end":{"line":113,"column":3698}},"14":{"start":{"line":117,"column":15},"end":{"line":117,"column":3892}},"15":{"start":{"line":126,"column":12},"end":{"line":126,"column":4197}},"16":{"start":{"line":132,"column":12},"end":{"line":132,"column":4462}},"17":{"start":{"line":142,"column":8},"end":{"line":142,"column":58}},"18":{"start":{"line":143,"column":8},"end":{"line":143,"column":55}},"19":{"start":{"line":144,"column":8},"end":{"line":144,"column":44}},"20":{"start":{"line":153,"column":8},"end":{"line":153,"column":57}},"21":{"start":{"line":154,"column":8},"end":{"line":154,"column":25}},"22":{"start":{"line":158,"column":8},"end":{"line":158,"column":28}},"23":{"start":{"line":159,"column":8},"end":{"line":159,"column":21}},"24":{"start":{"line":170,"column":8},"end":{"line":170,"column":57}},"25":{"start":{"line":171,"column":8},"end":{"line":171,"column":33}},"26":{"start":{"line":175,"column":8},"end":{"line":175,"column":31}},"27":{"start":{"line":185,"column":8},"end":{"line":185,"column":57}},"28":{"start":{"line":186,"column":8},"end":{"line":186,"column":35}},"29":{"start":{"line":190,"column":8},"end":{"line":190,"column":51}},"30":{"start":{"line":202,"column":8},"end":{"line":202,"column":57}},"31":{"start":{"line":203,"column":8},"end":{"line":203,"column":71}},"32":{"start":{"line":204,"column":8},"end":{"line":204,"column":32}},"33":{"start":{"line":208,"column":8},"end":{"line":208,"column":30}},"34":{"start":{"line":218,"column":8},"end":{"line":218,"column":57}},"35":{"start":{"line":219,"column":8},"end":{"line":219,"column":33}},"36":{"start":{"line":226,"column":8},"end":{"line":226,"column":49}},"37":{"start":{"line":228,"column":8},"end":{"line":228,"column":46}},"38":{"start":{"line":240,"column":8},"end":{"line":240,"column":57}},"39":{"start":{"line":241,"column":8},"end":{"line":241,"column":31}},"40":{"start":{"line":247,"column":8},"end":{"line":247,"column":32}},"41":{"start":{"line":251,"column":8},"end":{"line":251,"column":53}},"42":{"start":{"line":257,"column":8},"end":{"line":257,"column":65}},"43":{"start":{"line":262,"column":8},"end":{"line":262,"column":71}},"44":{"start":{"line":276,"column":8},"end":{"line":276,"column":60}},"45":{"start":{"line":278,"column":8},"end":{"line":278,"column":10167}},"46":{"start":{"line":280,"column":12},"end":{"line":280,"column":50}},"47":{"start":{"line":282,"column":12},"end":{"line":282,"column":10410}},"48":{"start":{"line":286,"column":17},"end":{"line":286,"column":10550}},"49":{"start":{"line":290,"column":17},"end":{"line":290,"column":10690}},"50":{"start":{"line":295,"column":16},"end":{"line":295,"column":58}},"51":{"start":{"line":302,"column":8},"end":{"line":302,"column":16}},"52":{"start":{"line":312,"column":8},"end":{"line":312,"column":46}},"53":{"start":{"line":313,"column":8},"end":{"line":313,"column":44}},"54":{"start":{"line":314,"column":8},"end":{"line":314,"column":11916}},"55":{"start":{"line":319,"column":8},"end":{"line":319,"column":31}},"56":{"start":{"line":331,"column":8},"end":{"line":331,"column":46}},"57":{"start":{"line":332,"column":8},"end":{"line":332,"column":53}},"58":{"start":{"line":333,"column":8},"end":{"line":333,"column":30}},"59":{"start":{"line":347,"column":8},"end":{"line":347,"column":13806}},"60":{"start":{"line":358,"column":8},"end":{"line":358,"column":14081}},"61":{"start":{"line":374,"column":8},"end":{"line":374,"column":21}}},"branchMap":{"1":{"line":50,"type":"if","locations":[{"start":{"line":50,"column":53},"end":{"line":50,"column":53}},{"start":{"line":50,"column":53},"end":{"line":50,"column":53}}]},"2":{"line":56,"type":"if","locations":[{"start":{"line":56,"column":40},"end":{"line":56,"column":40}},{"start":{"line":56,"column":40},"end":{"line":56,"column":40}}]},"3":{"line":81,"type":"if","locations":[{"start":{"line":81,"column":63},"end":{"line":81,"column":63}},{"start":{"line":81,"column":63},"end":{"line":81,"column":63}}]},"4":{"line":82,"type":"if","locations":[{"start":{"line":82,"column":8},"end":{"line":82,"column":8}},{"start":{"line":82,"column":8},"end":{"line":82,"column":8}}]},"5":{"line":105,"type":"if","locations":[{"start":{"line":105,"column":14},"end":{"line":105,"column":14}},{"start":{"line":105,"column":14},"end":{"line":105,"column":14}}]},"6":{"line":111,"type":"if","locations":[{"start":{"line":111,"column":8},"end":{"line":111,"column":8}},{"start":{"line":111,"column":8},"end":{"line":111,"column":8}}]},"7":{"line":111,"type":"cond-expr","locations":[{"start":{"line":111,"column":12},"end":{"line":111,"column":23}},{"start":{"line":111,"column":28},"end":{"line":111,"column":46}}]},"8":{"line":113,"type":"if","locations":[{"start":{"line":113,"column":12},"end":{"line":113,"column":12}},{"start":{"line":113,"column":12},"end":{"line":113,"column":12}}]},"9":{"line":117,"type":"if","locations":[{"start":{"line":117,"column":15},"end":{"line":117,"column":15}},{"start":{"line":117,"column":15},"end":{"line":117,"column":15}}]},"10":{"line":118,"type":"cond-expr","locations":[{"start":{"line":118,"column":12},"end":{"line":118,"column":25}},{"start":{"line":119,"column":12},"end":{"line":119,"column":27}}]},"11":{"line":118,"type":"cond-expr","locations":[{"start":{"line":118,"column":12},"end":{"line":119,"column":27}},{"start":{"line":120,"column":12},"end":{"line":120,"column":30}}]},"12":{"line":118,"type":"cond-expr","locations":[{"start":{"line":118,"column":12},"end":{"line":120,"column":30}},{"start":{"line":121,"column":12},"end":{"line":121,"column":27}}]},"13":{"line":118,"type":"cond-expr","locations":[{"start":{"line":118,"column":12},"end":{"line":121,"column":27}},{"start":{"line":122,"column":12},"end":{"line":122,"column":30}}]},"14":{"line":118,"type":"cond-expr","locations":[{"start":{"line":118,"column":12},"end":{"line":122,"column":30}},{"start":{"line":123,"column":12},"end":{"line":123,"column":30}}]},"15":{"line":126,"type":"if","locations":[{"start":{"line":126,"column":12},"end":{"line":126,"column":12}},{"start":{"line":126,"column":12},"end":{"line":126,"column":12}}]},"16":{"line":132,"type":"if","locations":[{"start":{"line":132,"column":12},"end":{"line":132,"column":12}},{"start":{"line":132,"column":12},"end":{"line":132,"column":12}}]},"17":{"line":140,"type":"if","locations":[{"start":{"line":140,"column":31},"end":{"line":140,"column":31}},{"start":{"line":140,"column":31},"end":{"line":140,"column":31}}]},"18":{"line":157,"type":"if","locations":[{"start":{"line":157,"column":45},"end":{"line":157,"column":45}},{"start":{"line":157,"column":45},"end":{"line":157,"column":45}}]},"19":{"line":203,"type":"if","locations":[{"start":{"line":203,"column":8},"end":{"line":203,"column":8}},{"start":{"line":203,"column":8},"end":{"line":203,"column":8}}]},"20":{"line":225,"type":"if","locations":[{"start":{"line":225,"column":14},"end":{"line":225,"column":14}},{"start":{"line":225,"column":14},"end":{"line":225,"column":14}}]},"21":{"line":225,"type":"if","locations":[{"start":{"line":225,"column":35},"end":{"line":225,"column":35}},{"start":{"line":225,"column":35},"end":{"line":225,"column":35}}]},"22":{"line":246,"type":"if","locations":[{"start":{"line":246,"column":19},"end":{"line":246,"column":19}},{"start":{"line":246,"column":19},"end":{"line":246,"column":19}}]},"23":{"line":251,"type":"if","locations":[{"start":{"line":251,"column":8},"end":{"line":251,"column":8}},{"start":{"line":251,"column":8},"end":{"line":251,"column":8}}]},"24":{"line":257,"type":"if","locations":[{"start":{"line":257,"column":8},"end":{"line":257,"column":8}},{"start":{"line":257,"column":8},"end":{"line":257,"column":8}}]},"25":{"line":262,"type":"if","locations":[{"start":{"line":262,"column":8},"end":{"line":262,"column":8}},{"start":{"line":262,"column":8},"end":{"line":262,"column":8}}]},"26":{"line":276,"type":"if","locations":[{"start":{"line":276,"column":8},"end":{"line":276,"column":8}},{"start":{"line":276,"column":8},"end":{"line":276,"column":8}}]},"27":{"line":282,"type":"if","locations":[{"start":{"line":282,"column":12},"end":{"line":282,"column":12}},{"start":{"line":282,"column":12},"end":{"line":282,"column":12}}]},"28":{"line":286,"type":"if","locations":[{"start":{"line":286,"column":17},"end":{"line":286,"column":17}},{"start":{"line":286,"column":17},"end":{"line":286,"column":17}}]},"29":{"line":290,"type":"if","locations":[{"start":{"line":290,"column":17},"end":{"line":290,"column":17}},{"start":{"line":290,"column":17},"end":{"line":290,"column":17}}]},"30":{"line":312,"type":"if","locations":[{"start":{"line":312,"column":8},"end":{"line":312,"column":8}},{"start":{"line":312,"column":8},"end":{"line":312,"column":8}}]}}},"contracts/PeachV06.sol":{"l":{"50":0,"54":0,"55":0,"56":0,"60":0,"68":0,"72":0,"85":0,"101":0,"102":0,"109":0,"110":0,"111":0,"112":0,"128":0,"130":0,"143":0,"149":0,"154":0,"159":0,"160":0,"161":0,"162":0,"164":0,"168":0,"172":0,"181":0,"182":0,"186":0,"187":0,"188":0,"199":0,"200":0,"204":0,"205":0,"215":0,"216":0,"220":0,"221":0,"225":0,"237":0,"238":0,"239":0,"243":0,"244":0,"254":0,"255":0,"262":0,"263":0,"264":0,"265":0,"277":0,"278":0,"284":0,"285":0,"289":0,"293":0,"297":0,"298":0,"302":0,"303":0,"316":0,"318":0,"320":0,"322":0,"323":0,"327":0,"331":0,"335":0,"342":0,"343":0,"353":0,"354":0,"355":0,"357":0,"358":0,"360":0,"361":0,"373":0,"374":0,"375":0,"376":0,"377":0,"380":0,"381":0,"384":0,"385":0,"388":0,"389":0,"390":0,"401":0,"414":0,"417":0},"path":"/Users/mbl3/w3x/peach/contracts/PeachV06.sol","s":{"1":0,"2":0,"3":0,"4":0,"5":0,"6":0,"7":0,"8":0,"9":0,"10":0,"11":0,"12":0,"13":0,"14":0,"15":0,"16":0,"17":0,"18":0,"19":0,"20":0,"21":0,"22":0,"23":0,"24":0,"25":0,"26":0,"27":0,"28":0,"29":0,"30":0,"31":0,"32":0,"33":0,"34":0,"35":0,"36":0,"37":0,"38":0,"39":0,"40":0,"41":0,"42":0,"43":0,"44":0,"45":0,"46":0,"47":0,"48":0,"49":0,"50":0,"51":0,"52":0,"53":0,"54":0,"55":0,"56":0,"57":0,"58":0,"59":0,"60":0,"61":0,"62":0,"63":0,"64":0,"65":0,"66":0,"67":0,"68":0,"69":0,"70":0,"71":0,"72":0,"73":0,"74":0,"75":0,"76":0},"b":{"1":[0,0],"2":[0,0],"3":[0,0],"4":[0,0],"5":[0,0],"6":[0,0],"7":[0,0],"8":[0,0],"9":[0,0],"10":[0,0],"11":[0,0],"12":[0,0],"13":[0,0],"14":[0,0],"15":[0,0],"16":[0,0],"17":[0,0],"18":[0,0],"19":[0,0],"20":[0,0],"21":[0,0],"22":[0,0],"23":[0,0],"24":[0,0],"25":[0,0],"26":[0,0],"27":[0,0],"28":[0,0],"29":[0,0],"30":[0,0],"31":[0,0],"32":[0,0],"33":[0,0],"34":[0,0],"35":[0,0],"36":[0,0],"37":[0,0],"38":[0,0],"39":[0,0],"40":[0,0],"41":[0,0]},"f":{"1":0,"2":0,"3":0,"4":0,"5":0,"6":0,"7":0,"8":0,"9":0,"10":0,"11":0,"12":0,"13":0,"14":0,"15":0,"16":0,"17":0,"18":0,"19":0,"20":0,"21":0,"22":0,"23":0,"24":0,"25":0,"26":0,"27":0,"28":0},"fnMap":{"1":{"name":"constructor","line":49,"loc":{"start":{"line":49,"column":4},"end":{"line":51,"column":4}}},"2":{"name":"initialize","line":53,"loc":{"start":{"line":53,"column":4},"end":{"line":57,"column":4}}},"3":{"name":"endUpgradeability","line":59,"loc":{"start":{"line":59,"column":4},"end":{"line":69,"column":4}}},"4":{"name":"upgradeabilityEnded","line":71,"loc":{"start":{"line":71,"column":4},"end":{"line":82,"column":4}}},"5":{"name":"_authorizeUpgrade","line":84,"loc":{"start":{"line":84,"column":4},"end":{"line":89,"column":4}}},"6":{"name":"setToken","line":97,"loc":{"start":{"line":97,"column":4},"end":{"line":103,"column":4}}},"7":{"name":"_setToken","line":108,"loc":{"start":{"line":105,"column":4},"end":{"line":125,"column":4}}},"8":{"name":"onlyIfSufficientFunds","line":127,"loc":{"start":{"line":127,"column":4},"end":{"line":155,"column":4}}},"9":{"name":"withdraw","line":157,"loc":{"start":{"line":157,"column":4},"end":{"line":165,"column":4}}},"10":{"name":null,"line":171,"loc":{"start":{"line":171,"column":4},"end":{"line":173,"column":4}}},"11":{"name":"nixToken","line":180,"loc":{"start":{"line":180,"column":4},"end":{"line":183,"column":4}}},"12":{"name":"_nixToken","line":185,"loc":{"start":{"line":185,"column":4},"end":{"line":190,"column":4}}},"13":{"name":"getOwner","line":198,"loc":{"start":{"line":198,"column":4},"end":{"line":201,"column":4}}},"14":{"name":"_getOwner","line":203,"loc":{"start":{"line":203,"column":4},"end":{"line":206,"column":4}}},"15":{"name":"modOwner","line":214,"loc":{"start":{"line":214,"column":4},"end":{"line":217,"column":4}}},"16":{"name":"_modOwner","line":219,"loc":{"start":{"line":219,"column":4},"end":{"line":226,"column":4}}},"17":{"name":"getName","line":234,"loc":{"start":{"line":234,"column":4},"end":{"line":240,"column":4}}},"18":{"name":"_getName","line":242,"loc":{"start":{"line":242,"column":4},"end":{"line":245,"column":4}}},"19":{"name":"modName","line":253,"loc":{"start":{"line":253,"column":4},"end":{"line":256,"column":4}}},"20":{"name":"_modName","line":261,"loc":{"start":{"line":258,"column":4},"end":{"line":266,"column":4}}},"21":{"name":"getPic","line":274,"loc":{"start":{"line":274,"column":4},"end":{"line":279,"column":4}}},"22":{"name":"_getPic","line":283,"loc":{"start":{"line":281,"column":4},"end":{"line":286,"column":4}}},"23":{"name":"onlyValidName","line":288,"loc":{"start":{"line":288,"column":4},"end":{"line":294,"column":4}}},"24":{"name":"onlyOwnerOf","line":296,"loc":{"start":{"line":296,"column":4},"end":{"line":299,"column":4}}},"25":{"name":"onlyExistentToken","line":301,"loc":{"start":{"line":301,"column":4},"end":{"line":304,"column":4}}},"26":{"name":"validateColorhexAndGetId","line":312,"loc":{"start":{"line":312,"column":4},"end":{"line":344,"column":4}}},"27":{"name":"getColorhex","line":352,"loc":{"start":{"line":352,"column":4},"end":{"line":362,"column":4}}},"28":{"name":"tokenURI","line":370,"loc":{"start":{"line":370,"column":4},"end":{"line":418,"column":4}}}},"statementMap":{"1":{"start":{"line":50,"column":8},"end":{"line":50,"column":29}},"2":{"start":{"line":54,"column":8},"end":{"line":54,"column":36}},"3":{"start":{"line":55,"column":8},"end":{"line":55,"column":35}},"4":{"start":{"line":56,"column":8},"end":{"line":56,"column":31}},"5":{"start":{"line":68,"column":8},"end":{"line":68,"column":44}},"6":{"start":{"line":72,"column":8},"end":{"line":72,"column":2463}},"7":{"start":{"line":85,"column":8},"end":{"line":85,"column":2834}},"8":{"start":{"line":101,"column":8},"end":{"line":101,"column":57}},"9":{"start":{"line":102,"column":8},"end":{"line":102,"column":31}},"10":{"start":{"line":109,"column":8},"end":{"line":109,"column":52}},"11":{"start":{"line":110,"column":8},"end":{"line":110,"column":33}},"12":{"start":{"line":111,"column":8},"end":{"line":111,"column":30}},"13":{"start":{"line":112,"column":8},"end":{"line":112,"column":3725}},"14":{"start":{"line":128,"column":8},"end":{"line":128,"column":4542}},"15":{"start":{"line":130,"column":12},"end":{"line":130,"column":4656}},"16":{"start":{"line":134,"column":15},"end":{"line":134,"column":4850}},"17":{"start":{"line":143,"column":12},"end":{"line":143,"column":5155}},"18":{"start":{"line":149,"column":12},"end":{"line":149,"column":5420}},"19":{"start":{"line":159,"column":8},"end":{"line":159,"column":58}},"20":{"start":{"line":160,"column":8},"end":{"line":160,"column":65}},"21":{"start":{"line":161,"column":8},"end":{"line":161,"column":73}},"22":{"start":{"line":162,"column":8},"end":{"line":162,"column":45}},"23":{"start":{"line":164,"column":8},"end":{"line":164,"column":44}},"24":{"start":{"line":172,"column":8},"end":{"line":172,"column":54}},"25":{"start":{"line":181,"column":8},"end":{"line":181,"column":57}},"26":{"start":{"line":182,"column":8},"end":{"line":182,"column":25}},"27":{"start":{"line":186,"column":8},"end":{"line":186,"column":52}},"28":{"start":{"line":187,"column":8},"end":{"line":187,"column":28}},"29":{"start":{"line":188,"column":8},"end":{"line":188,"column":21}},"30":{"start":{"line":199,"column":8},"end":{"line":199,"column":57}},"31":{"start":{"line":200,"column":8},"end":{"line":200,"column":33}},"32":{"start":{"line":204,"column":8},"end":{"line":204,"column":52}},"33":{"start":{"line":205,"column":8},"end":{"line":205,"column":31}},"34":{"start":{"line":215,"column":8},"end":{"line":215,"column":57}},"35":{"start":{"line":216,"column":8},"end":{"line":216,"column":35}},"36":{"start":{"line":220,"column":8},"end":{"line":220,"column":52}},"37":{"start":{"line":221,"column":8},"end":{"line":221,"column":8300}},"38":{"start":{"line":225,"column":8},"end":{"line":225,"column":51}},"39":{"start":{"line":237,"column":8},"end":{"line":237,"column":57}},"40":{"start":{"line":238,"column":8},"end":{"line":238,"column":71}},"41":{"start":{"line":239,"column":8},"end":{"line":239,"column":32}},"42":{"start":{"line":243,"column":8},"end":{"line":243,"column":52}},"43":{"start":{"line":244,"column":8},"end":{"line":244,"column":30}},"44":{"start":{"line":254,"column":8},"end":{"line":254,"column":57}},"45":{"start":{"line":255,"column":8},"end":{"line":255,"column":33}},"46":{"start":{"line":262,"column":8},"end":{"line":262,"column":52}},"47":{"start":{"line":263,"column":8},"end":{"line":263,"column":49}},"48":{"start":{"line":265,"column":8},"end":{"line":265,"column":46}},"49":{"start":{"line":277,"column":8},"end":{"line":277,"column":57}},"50":{"start":{"line":278,"column":8},"end":{"line":278,"column":31}},"51":{"start":{"line":284,"column":8},"end":{"line":284,"column":52}},"52":{"start":{"line":285,"column":8},"end":{"line":285,"column":32}},"53":{"start":{"line":289,"column":8},"end":{"line":289,"column":53}},"54":{"start":{"line":297,"column":8},"end":{"line":297,"column":65}},"55":{"start":{"line":302,"column":8},"end":{"line":302,"column":71}},"56":{"start":{"line":316,"column":8},"end":{"line":316,"column":60}},"57":{"start":{"line":318,"column":8},"end":{"line":318,"column":12114}},"58":{"start":{"line":320,"column":12},"end":{"line":320,"column":50}},"59":{"start":{"line":322,"column":12},"end":{"line":322,"column":12357}},"60":{"start":{"line":326,"column":17},"end":{"line":326,"column":12497}},"61":{"start":{"line":330,"column":17},"end":{"line":330,"column":12637}},"62":{"start":{"line":335,"column":16},"end":{"line":335,"column":58}},"63":{"start":{"line":342,"column":8},"end":{"line":342,"column":27}},"64":{"start":{"line":343,"column":8},"end":{"line":343,"column":16}},"65":{"start":{"line":353,"column":8},"end":{"line":353,"column":46}},"66":{"start":{"line":354,"column":8},"end":{"line":354,"column":44}},"67":{"start":{"line":355,"column":8},"end":{"line":355,"column":13893}},"68":{"start":{"line":360,"column":8},"end":{"line":360,"column":35}},"69":{"start":{"line":361,"column":8},"end":{"line":361,"column":31}},"70":{"start":{"line":373,"column":8},"end":{"line":373,"column":52}},"71":{"start":{"line":374,"column":8},"end":{"line":374,"column":46}},"72":{"start":{"line":375,"column":8},"end":{"line":375,"column":53}},"73":{"start":{"line":376,"column":8},"end":{"line":376,"column":30}},"74":{"start":{"line":390,"column":8},"end":{"line":390,"column":15876}},"75":{"start":{"line":401,"column":8},"end":{"line":401,"column":16151}},"76":{"start":{"line":417,"column":8},"end":{"line":417,"column":21}}},"branchMap":{"1":{"line":53,"type":"if","locations":[{"start":{"line":53,"column":53},"end":{"line":53,"column":53}},{"start":{"line":53,"column":53},"end":{"line":53,"column":53}}]},"2":{"line":59,"type":"if","locations":[{"start":{"line":59,"column":40},"end":{"line":59,"column":40}},{"start":{"line":59,"column":40},"end":{"line":59,"column":40}}]},"3":{"line":84,"type":"if","locations":[{"start":{"line":84,"column":63},"end":{"line":84,"column":63}},{"start":{"line":84,"column":63},"end":{"line":84,"column":63}}]},"4":{"line":85,"type":"if","locations":[{"start":{"line":85,"column":8},"end":{"line":85,"column":8}},{"start":{"line":85,"column":8},"end":{"line":85,"column":8}}]},"5":{"line":108,"type":"if","locations":[{"start":{"line":108,"column":14},"end":{"line":108,"column":14}},{"start":{"line":108,"column":14},"end":{"line":108,"column":14}}]},"6":{"line":109,"type":"if","locations":[{"start":{"line":109,"column":8},"end":{"line":109,"column":8}},{"start":{"line":109,"column":8},"end":{"line":109,"column":8}}]},"7":{"line":128,"type":"if","locations":[{"start":{"line":128,"column":8},"end":{"line":128,"column":8}},{"start":{"line":128,"column":8},"end":{"line":128,"column":8}}]},"8":{"line":128,"type":"cond-expr","locations":[{"start":{"line":128,"column":12},"end":{"line":128,"column":23}},{"start":{"line":128,"column":28},"end":{"line":128,"column":46}}]},"9":{"line":130,"type":"if","locations":[{"start":{"line":130,"column":12},"end":{"line":130,"column":12}},{"start":{"line":130,"column":12},"end":{"line":130,"column":12}}]},"10":{"line":134,"type":"if","locations":[{"start":{"line":134,"column":15},"end":{"line":134,"column":15}},{"start":{"line":134,"column":15},"end":{"line":134,"column":15}}]},"11":{"line":135,"type":"cond-expr","locations":[{"start":{"line":135,"column":12},"end":{"line":135,"column":25}},{"start":{"line":136,"column":12},"end":{"line":136,"column":27}}]},"12":{"line":135,"type":"cond-expr","locations":[{"start":{"line":135,"column":12},"end":{"line":136,"column":27}},{"start":{"line":137,"column":12},"end":{"line":137,"column":30}}]},"13":{"line":135,"type":"cond-expr","locations":[{"start":{"line":135,"column":12},"end":{"line":137,"column":30}},{"start":{"line":138,"column":12},"end":{"line":138,"column":27}}]},"14":{"line":135,"type":"cond-expr","locations":[{"start":{"line":135,"column":12},"end":{"line":138,"column":27}},{"start":{"line":139,"column":12},"end":{"line":139,"column":30}}]},"15":{"line":135,"type":"cond-expr","locations":[{"start":{"line":135,"column":12},"end":{"line":139,"column":30}},{"start":{"line":140,"column":12},"end":{"line":140,"column":30}}]},"16":{"line":143,"type":"if","locations":[{"start":{"line":143,"column":12},"end":{"line":143,"column":12}},{"start":{"line":143,"column":12},"end":{"line":143,"column":12}}]},"17":{"line":149,"type":"if","locations":[{"start":{"line":149,"column":12},"end":{"line":149,"column":12}},{"start":{"line":149,"column":12},"end":{"line":149,"column":12}}]},"18":{"line":157,"type":"if","locations":[{"start":{"line":157,"column":31},"end":{"line":157,"column":31}},{"start":{"line":157,"column":31},"end":{"line":157,"column":31}}]},"19":{"line":160,"type":"if","locations":[{"start":{"line":160,"column":8},"end":{"line":160,"column":8}},{"start":{"line":160,"column":8},"end":{"line":160,"column":8}}]},"20":{"line":162,"type":"if","locations":[{"start":{"line":162,"column":8},"end":{"line":162,"column":8}},{"start":{"line":162,"column":8},"end":{"line":162,"column":8}}]},"21":{"line":185,"type":"if","locations":[{"start":{"line":185,"column":45},"end":{"line":185,"column":45}},{"start":{"line":185,"column":45},"end":{"line":185,"column":45}}]},"22":{"line":186,"type":"if","locations":[{"start":{"line":186,"column":8},"end":{"line":186,"column":8}},{"start":{"line":186,"column":8},"end":{"line":186,"column":8}}]},"23":{"line":204,"type":"if","locations":[{"start":{"line":204,"column":8},"end":{"line":204,"column":8}},{"start":{"line":204,"column":8},"end":{"line":204,"column":8}}]},"24":{"line":220,"type":"if","locations":[{"start":{"line":220,"column":8},"end":{"line":220,"column":8}},{"start":{"line":220,"column":8},"end":{"line":220,"column":8}}]},"25":{"line":221,"type":"if","locations":[{"start":{"line":221,"column":8},"end":{"line"
[...]
column":8},"end":{"line":396,"column":18142}}},"branchMap":{"1":{"line":80,"type":"if","locations":[{"start":{"line":80,"column":53},"end":{"line":80,"column":53}},{"start":{"line":80,"column":53},"end":{"line":80,"column":53}}]},"2":{"line":89,"type":"if","locations":[{"start":{"line":89,"column":42},"end":{"line":89,"column":42}},{"start":{"line":89,"column":42},"end":{"line":89,"column":42}}]},"3":{"line":118,"type":"if","locations":[{"start":{"line":118,"column":63},"end":{"line":118,"column":63}},{"start":{"line":118,"column":63},"end":{"line":118,"column":63}}]},"4":{"line":119,"type":"if","locations":[{"start":{"line":119,"column":8},"end":{"line":119,"column":8}},{"start":{"line":119,"column":8},"end":{"line":119,"column":8}}]},"5":{"line":133,"type":"if","locations":[{"start":{"line":133,"column":8},"end":{"line":133,"column":8}},{"start":{"line":133,"column":8},"end":{"line":133,"column":8}}]},"6":{"line":135,"type":"if","locations":[{"start":{"line":135,"column":8},"end":{"line":135,"column":8}},{"start":{"line":135,"column":8},"end":{"line":135,"column":8}}]},"7":{"line":135,"type":"cond-expr","locations":[{"start":{"line":135,"column":12},"end":{"line":135,"column":23}},{"start":{"line":135,"column":28},"end":{"line":135,"column":46}}]},"8":{"line":137,"type":"if","locations":[{"start":{"line":137,"column":12},"end":{"line":137,"column":12}},{"start":{"line":137,"column":12},"end":{"line":137,"column":12}}]},"9":{"line":139,"type":"if","locations":[{"start":{"line":139,"column":15},"end":{"line":139,"column":15}},{"start":{"line":139,"column":15},"end":{"line":139,"column":15}}]},"10":{"line":140,"type":"cond-expr","locations":[{"start":{"line":140,"column":12},"end":{"line":140,"column":25}},{"start":{"line":141,"column":12},"end":{"line":141,"column":27}}]},"11":{"line":140,"type":"cond-expr","locations":[{"start":{"line":140,"column":12},"end":{"line":141,"column":27}},{"start":{"line":142,"column":12},"end":{"line":142,"column":30}}]},"12":{"line":140,"type":"cond-expr","locations":[{"start":{"line":140,"column":12},"end":{"line":142,"column":30}},{"start":{"line":143,"column":12},"end":{"line":143,"column":27}}]},"13":{"line":140,"type":"cond-expr","locations":[{"start":{"line":140,"column":12},"end":{"line":143,"column":27}},{"start":{"line":144,"column":12},"end":{"line":144,"column":30}}]},"14":{"line":140,"type":"cond-expr","locations":[{"start":{"line":140,"column":12},"end":{"line":144,"column":30}},{"start":{"line":145,"column":12},"end":{"line":145,"column":30}}]},"15":{"line":148,"type":"if","locations":[{"start":{"line":148,"column":12},"end":{"line":148,"column":12}},{"start":{"line":148,"column":12},"end":{"line":148,"column":12}}]},"16":{"line":152,"type":"if","locations":[{"start":{"line":152,"column":12},"end":{"line":152,"column":12}},{"start":{"line":152,"column":12},"end":{"line":152,"column":12}}]},"17":{"line":181,"type":"if","locations":[{"start":{"line":181,"column":33},"end":{"line":181,"column":33}},{"start":{"line":181,"column":33},"end":{"line":181,"column":33}}]},"18":{"line":184,"type":"if","locations":[{"start":{"line":184,"column":8},"end":{"line":184,"column":8}},{"start":{"line":184,"column":8},"end":{"line":184,"column":8}}]},"19":{"line":186,"type":"if","locations":[{"start":{"line":186,"column":8},"end":{"line":186,"column":8}},{"start":{"line":186,"column":8},"end":{"line":186,"column":8}}]},"20":{"line":209,"type":"if","locations":[{"start":{"line":209,"column":46},"end":{"line":209,"column":46}},{"start":{"line":209,"column":46},"end":{"line":209,"column":46}}]},"21":{"line":240,"type":"if","locations":[{"start":{"line":240,"column":8},"end":{"line":240,"column":8}},{"start":{"line":240,"column":8},"end":{"line":240,"column":8}}]},"22":{"line":257,"type":"if","locations":[{"start":{"line":257,"column":8},"end":{"line":257,"column":8}},{"start":{"line":257,"column":8},"end":{"line":257,"column":8}}]},"23":{"line":277,"type":"if","locations":[{"start":{"line":277,"column":8},"end":{"line":277,"column":8}},{"start":{"line":277,"column":8},"end":{"line":277,"column":8}}]},"24":{"line":284,"type":"if","locations":[{"start":{"line":284,"column":15},"end":{"line":284,"column":15}},{"start":{"line":284,"column":15},"end":{"line":284,"column":15}}]},"25":{"line":291,"type":"if","locations":[{"start":{"line":291,"column":8},"end":{"line":291,"column":8}},{"start":{"line":291,"column":8},"end":{"line":291,"column":8}}]},"26":{"line":310,"type":"if","locations":[{"start":{"line":310,"column":8},"end":{"line":310,"column":8}},{"start":{"line":310,"column":8},"end":{"line":310,"column":8}}]},"27":{"line":318,"type":"if","locations":[{"start":{"line":318,"column":16},"end":{"line":318,"column":16}},{"start":{"line":318,"column":16},"end":{"line":318,"column":16}}]},"28":{"line":320,"type":"if","locations":[{"start":{"line":320,"column":23},"end":{"line":320,"column":23}},{"start":{"line":320,"column":23},"end":{"line":320,"column":23}}]},"29":{"line":322,"type":"if","locations":[{"start":{"line":322,"column":23},"end":{"line":322,"column":23}},{"start":{"line":322,"column":23},"end":{"line":322,"column":23}}]},"30":{"line":335,"type":"if","locations":[{"start":{"line":335,"column":8},"end":{"line":335,"column":8}},{"start":{"line":335,"column":8},"end":{"line":335,"column":8}}]},"31":{"line":348,"type":"if","locations":[{"start":{"line":348,"column":8},"end":{"line":348,"column":8}},{"start":{"line":348,"column":8},"end":{"line":348,"column":8}}]},"32":{"line":359,"type":"if","locations":[{"start":{"line":359,"column":8},"end":{"line":359,"column":8}},{"start":{"line":359,"column":8},"end":{"line":359,"column":8}}]},"33":{"line":376,"type":"if","locations":[{"start":{"line":376,"column":8},"end":{"line":376,"column":8}},{"start":{"line":376,"column":8},"end":{"line":376,"column":8}}]}}},"contracts/PeachV12.sol":{"l":{"74":1,"81":49,"82":49,"83":49,"90":1,"98":1,"105":4,"119":1,"133":35,"134":33,"135":33,"137":3,"138":0,"148":0,"149":0,"152":30,"153":2,"155":31,"160":31,"162":31,"163":31,"164":31,"183":2,"184":2,"185":1,"186":1,"188":1,"193":4,"198":5,"205":9,"206":8,"210":5,"211":5,"223":10,"224":10,"231":30,"239":8,"240":8,"241":7,"245":7,"256":12,"257":12,"258":10,"265":20,"276":8,"277":8,"278":7,"285":8,"286":8,"287":8,"291":20,"292":13,"308":89,"310":89,"312":85,"314":505,"316":505,"318":505,"319":447,"321":55,"323":2,"325":1,"327":504,"335":84,"348":7,"349":6,"350":6,"352":36,"353":36,"354":36,"355":36,"359":6,"360":6,"376":3,"378":2,"379":2,"382":2,"393":2,"396":2,"406":2},"path":"/Users/mbl3/w3x/peach/contracts/PeachV12.sol","s":{"1":1,"2":49,"3":49,"4":49,"5":1,"6":4,"7":1,"8":35,"9":33,"10":33,"11":3,"12":30,"13":0,"14":30,"15":31,"16":31,"17":31,"18":31,"19":2,"20":2,"21":1,"22":1,"23":1,"24":5,"25":9,"26":8,"27":5,"28":5,"29":10,"30":8,"31":8,"32":7,"33":7,"34":12,"35":12,"36":8,"37":8,"38":7,"39":8,"40":8,"41":20,"42":89,"43":89,"44":85,"45":505,"46":505,"47":58,"48":3,"49":84,"50":7,"51":6,"52":6,"53":6,"54":3,"55":2,"56":2,"57":2,"58":2,"59":2},"b":{"1":[49,0],"2":[1,1],"3":[1,0],"4":[1,0],"5":[2,33],"6":[3,30],"7":[0,3],"8":[0,3],"9":[0,30],"10":[0,0],"11":[0,0],"12":[0,0],"13":[0,0],"14":[0,0],"15":[0,0],"16":[2,28],"17":[2,1],"18":[1,1],"19":[0,1],"20":[5,3],"21":[1,7],"22":[2,10],"23":[1,7],"24":[8,4],"25":[3,13],"26":[4,85],"27":[447,58],"28":[55,3],"29":[2,1],"30":[0,84],"31":[1,6],"32":[0,6],"33":[1,2]},"f":{"1":1,"2":49,"3":1,"4":4,"5":1,"6":35,"7":31,"8":2,"9":5,"10":9,"11":5,"12":10,"13":30,"14":8,"15":7,"16":12,"17":20,"18":8,"19":8,"20":20,"21":89,"22":7,"23":3},"fnMap":{"1":{"name":"constructor","line":73,"loc":{"start":{"line":73,"column":4},"end":{"line":75,"column":4}}},"2":{"name":"initialize","line":80,"loc":{"start":{"line":80,"column":4},"end":{"line":84,"column":4}}},"3":{"name":"endUpgradeability","line":89,"loc":{"start":{"line":89,"column":4},"end":{"line":99,"column":4}}},"4":{"name":"upgradeabilityEnded","line":104,"loc":{"start":{"line":104,"column":4},"end":{"line":115,"column":4}}},"5":{"name":"_authorizeUpgrade","line":118,"loc":{"start":{"line":118,"column":4},"end":{"line":120,"column":4}}},"6":{"name":"setToken","line":129,"loc":{"start":{"line":129,"column":4},"end":{"line":156,"column":4}}},"7":{"name":"_setToken","line":159,"loc":{"start":{"line":159,"column":4},"end":{"line":177,"column":4}}},"8":{"name":"withdraw","line":181,"loc":{"start":{"line":181,"column":4},"end":{"line":189,"column":4}}},"9":{"name":null,"line":197,"loc":{"start":{"line":197,"column":4},"end":{"line":199,"column":4}}},"10":{"name":"nixToken","line":204,"loc":{"start":{"line":204,"column":4},"end":{"line":207,"column":4}}},"11":{"name":"_nixToken","line":209,"loc":{"start":{"line":209,"column":4},"end":{"line":213,"column":4}}},"12":{"name":"getOwner","line":220,"loc":{"start":{"line":220,"column":4},"end":{"line":225,"column":4}}},"13":{"name":"_getOwner","line":228,"loc":{"start":{"line":228,"column":4},"end":{"line":232,"column":4}}},"14":{"name":"modOwner","line":238,"loc":{"start":{"line":238,"column":4},"end":{"line":242,"column":4}}},"15":{"name":"_modOwner","line":244,"loc":{"start":{"line":244,"column":4},"end":{"line":246,"column":4}}},"16":{"name":"getName","line":253,"loc":{"start":{"line":253,"column":4},"end":{"line":259,"column":4}}},"17":{"name":"_getName","line":262,"loc":{"start":{"line":262,"column":4},"end":{"line":266,"column":4}}},"18":{"name":"modName","line":272,"loc":{"start":{"line":272,"column":4},"end":{"line":279,"column":4}}},"19":{"name":"_modName","line":284,"loc":{"start":{"line":281,"column":4},"end":{"line":288,"column":4}}},"20":{"name":"onlyTokenOwner","line":290,"loc":{"start":{"line":290,"column":4},"end":{"line":293,"column":4}}},"21":{"name":"aGetId","line":306,"loc":{"start":{"line":306,"column":4},"end":{"line":337,"column":4}}},"22":{"name":"getColorhex","line":347,"loc":{"start":{"line":347,"column":4},"end":{"line":361,"column":4}}},"23":{"name":"tokenURI","line":373,"loc":{"start":{"line":373,"column":4},"end":{"line":412,"column":4}}}},"statementMap":{"1":{"start":{"line":74,"column":8},"end":{"line":74,"column":29}},"2":{"start":{"line":81,"column":8},"end":{"line":81,"column":46}},"3":{"start":{"line":82,"column":8},"end":{"line":82,"column":35}},"4":{"start":{"line":83,"column":8},"end":{"line":83,"column":31}},"5":{"start":{"line":98,"column":8},"end":{"line":98,"column":44}},"6":{"start":{"line":105,"column":8},"end":{"line":105,"column":4332}},"7":{"start":{"line":119,"column":8},"end":{"line":119,"column":69}},"8":{"start":{"line":133,"column":8},"end":{"line":133,"column":62}},"9":{"start":{"line":134,"column":8},"end":{"line":134,"column":39}},"10":{"start":{"line":135,"column":8},"end":{"line":135,"column":5601}},"11":{"start":{"line":137,"column":12},"end":{"line":137,"column":5771}},"12":{"start":{"line":139,"column":15},"end":{"line":139,"column":5834}},"13":{"start":{"line":148,"column":12},"end":{"line":148,"column":6194}},"14":{"start":{"line":152,"column":12},"end":{"line":152,"column":6385}},"15":{"start":{"line":155,"column":8},"end":{"line":155,"column":31}},"16":{"start":{"line":160,"column":8},"end":{"line":160,"column":33}},"17":{"start":{"line":163,"column":8},"end":{"line":163,"column":38}},"18":{"start":{"line":164,"column":8},"end":{"line":164,"column":6940}},"19":{"start":{"line":183,"column":8},"end":{"line":183,"column":58}},"20":{"start":{"line":184,"column":8},"end":{"line":184,"column":66}},"21":{"start":{"line":185,"column":8},"end":{"line":185,"column":73}},"22":{"start":{"line":186,"column":8},"end":{"line":186,"column":47}},"23":{"start":{"line":188,"column":8},"end":{"line":188,"column":44}},"24":{"start":{"line":198,"column":8},"end":{"line":198,"column":54}},"25":{"start":{"line":205,"column":8},"end":{"line":205,"column":39}},"26":{"start":{"line":206,"column":8},"end":{"line":206,"column":25}},"27":{"start":{"line":210,"column":8},"end":{"line":210,"column":28}},"28":{"start":{"line":211,"column":8},"end":{"line":211,"column":21}},"29":{"start":{"line":223,"column":8},"end":{"line":223,"column":39}},"30":{"start":{"line":239,"column":8},"end":{"line":239,"column":39}},"31":{"start":{"line":240,"column":8},"end":{"line":240,"column":79}},"32":{"start":{"line":241,"column":8},"end":{"line":241,"column":35}},"33":{"start":{"line":245,"column":8},"end":{"line":245,"column":51}},"34":{"start":{"line":256,"column":8},"end":{"line":256,"column":39}},"35":{"start":{"line":257,"column":8},"end":{"line":257,"column":68}},"36":{"start":{"line":276,"column":8},"end":{"line":276,"column":39}},"37":{"start":{"line":277,"column":8},"end":{"line":277,"column":65}},"38":{"start":{"line":278,"column":8},"end":{"line":278,"column":33}},"39":{"start":{"line":285,"column":8},"end":{"line":285,"column":49}},"40":{"start":{"line":287,"column":8},"end":{"line":287,"column":46}},"41":{"start":{"line":291,"column":8},"end":{"line":291,"column":68}},"42":{"start":{"line":308,"column":8},"end":{"line":308,"column":54}},"43":{"start":{"line":310,"column":8},"end":{"line":310,"column":63}},"44":{"start":{"line":312,"column":8},"end":{"line":312,"column":13975}},"45":{"start":{"line":314,"column":12},"end":{"line":314,"column":48}},"46":{"start":{"line":318,"column":16},"end":{"line":318,"column":14321}},"47":{"start":{"line":320,"column":23},"end":{"line":320,"column":14414}},"48":{"start":{"line":322,"column":23},"end":{"line":322,"column":14507}},"49":{"start":{"line":335,"column":8},"end":{"line":335,"column":49}},"50":{"start":{"line":348,"column":8},"end":{"line":348,"column":49}},"51":{"start":{"line":349,"column":8},"end":{"line":349,"column":49}},"52":{"start":{"line":350,"column":8},"end":{"line":350,"column":15970}},"53":{"start":{"line":359,"column":8},"end":{"line":359,"column":63}},"54":{"start":{"line":376,"column":8},"end":{"line":376,"column":55}},"55":{"start":{"line":378,"column":8},"end":{"line":378,"column":46}},"56":{"start":{"line":379,"column":8},"end":{"line":379,"column":53}},"57":{"start":{"line":382,"column":8},"end":{"line":382,"column":17771}},"58":{"start":{"line":393,"column":8},"end":{"line":393,"column":58}},"59":{"start":{"line":396,"column":8},"end":{"line":396,"column":18141}}},"branchMap":{"1":{"line":80,"type":"if","locations":[{"start":{"line":80,"column":53},"end":{"line":80,"column":53}},{"start":{"line":80,"column":53},"end":{"line":80,"column":53}}]},"2":{"line":89,"type":"if","locations":[{"start":{"line":89,"column":42},"end":{"line":89,"column":42}},{"start":{"line":89,"column":42},"end":{"line":89,"column":42}}]},"3":{"line":118,"type":"if","locations":[{"start":{"line":118,"column":63},"end":{"line":118,"column":63}},{"start":{"line":118,"column":63},"end":{"line":118,"column":63}}]},"4":{"line":119,"type":"if","locations":[{"start":{"line":119,"column":8},"end":{"line":119,"column":8}},{"start":{"line":119,"column":8},"end":{"line":119,"column":8}}]},"5":{"line":133,"type":"if","locations":[{"start":{"line":133,"column":8},"end":{"line":133,"column":8}},{"start":{"line":133,"column":8},"end":{"line":133,"column":8}}]},"6":{"line":135,"type":"if","locations":[{"start":{"line":135,"column":8},"end":{"line":135,"column":8}},{"start":{"line":135,"column":8},"end":{"line":135,"column":8}}]},"7":{"line":135,"type":"cond-expr","locations":[{"start":{"line":135,"column":12},"end":{"line":135,"column":23}},{"start":{"line":135,"column":28},"end":{"line":135,"column":46}}]},"8":{"line":137,"type":"if","locations":[{"start":{"line":137,"column":12},"end":{"line":137,"column":12}},{"start":{"line":137,"column":12},"end":{"line":137,"column":12}}]},"9":{"line":139,"type":"if","locations":[{"start":{"line":139,"column":15},"end":{"line":139,"column":15}},{"start":{"line":139,"column":15},"end":{"line":139,"column":15}}]},"10":{"line":140,"type":"cond-expr","locations":[{"start":{"line":140,"column":12},"end":{"line":140,"column":25}},{"start":{"line":141,"column":12},"end":{"line":141,"column":27}}]},"11":{"line":140,"type":"cond-expr","locations":[{"start":{"line":140,"column":12},"end":{"line":141,"column":27}},{"start":{"line":142,"column":12},"end":{"line":142,"column":30}}]},"12":{"line":140,"type":"cond-expr","locations":[{"start":{"line":140,"column":12},"end":{"line":142,"column":30}},{"start":{"line":143,"column":12},"end":{"line":143,"column":27}}]},"13":{"line":140,"type":"cond-expr","locations":[{"start":{"line":140,"column":12},"end":{"line":143,"column":27}},{"start":{"line":144,"column":12},"end":{"line":144,"column":30}}]},"14":{"line":140,"type":"cond-expr","locations":[{"start":{"line":140,"column":12},"end":{"line":144,"column":30}},{"start":{"line":145,"column":12},"end":{"line":145,"column":30}}]},"15":{"line":148,"type":"if","locations":[{"start":{"line":148,"column":12},"end":{"line":148,"column":12}},{"start":{"line":148,"column":12},"end":{"line":148,"column":12}}]},"16":{"line":152,"type":"if","locations":[{"start":{"line":152,"column":12},"end":{"line":152,"column":12}},{"start":{"line":152,"column":12},"end":{"line":152,"column":12}}]},"17":{"line":181,"type":"if","locations":[{"start":{"line":181,"column":33},"end":{"line":181,"column":33}},{"start":{"line":181,"column":33},"end":{"line":181,"column":33}}]},"18":{"line":184,"type":"if","locations":[{"start":{"line":184,"column":8},"end":{"line":184,"column":8}},{"start":{"line":184,"column":8},"end":{"line":184,"column":8}}]},"19":{"line":186,"type":"if","locations":[{"start":{"line":186,"column":8},"end":{"line":186,"column":8}},{"start":{"line":186,"column":8},"end":{"line":186,"column":8}}]},"20":{"line":209,"type":"if","locations":[{"start":{"line":209,"column":46},"end":{"line":209,"column":46}},{"start":{"line":209,"column":46},"end":{"line":209,"column":46}}]},"21":{"line":240,"type":"if","locations":[{"start":{"line":240,"column":8},"end":{"line":240,"column":8}},{"start":{"line":240,"column":8},"end":{"line":240,"column":8}}]},"22":{"line":257,"type":"if","locations":[{"start":{"line":257,"column":8},"end":{"line":257,"column":8}},{"start":{"line":257,"column":8},"end":{"line":257,"column":8}}]},"23":{"line":277,"type":"if","locations":[{"start":{"line":277,"column":8},"end":{"line":277,"column":8}},{"start":{"line":277,"column":8},"end":{"line":277,"column":8}}]},"24":{"line":284,"type":"if","locations":[{"start":{"line":284,"column":15},"end":{"line":284,"column":15}},{"start":{"line":284,"column":15},"end":{"line":284,"column":15}}]},"25":{"line":291,"type":"if","locations":[{"start":{"line":291,"column":8},"end":{"line":291,"column":8}},{"start":{"line":291,"column":8},"end":{"line":291,"column":8}}]},"26":{"line":310,"type":"if","locations":[{"start":{"line":310,"column":8},"end":{"line":310,"column":8}},{"start":{"line":310,"column":8},"end":{"line":310,"column":8}}]},"27":{"line":318,"type":"if","locations":[{"start":{"line":318,"column":16},"end":{"line":318,"column":16}},{"start":{"line":318,"column":16},"end":{"line":318,"column":16}}]},"28":{"line":320,"type":"if","locations":[{"start":{"line":320,"column":23},"end":{"line":320,"column":23}},{"start":{"line":320,"column":23},"end":{"line":320,"column":23}}]},"29":{"line":322,"type":"if","locations":[{"start":{"line":322,"column":23},"end":{"line":322,"column":23}},{"start":{"line":322,"column":23},"end":{"line":322,"column":23}}]},"30":{"line":335,"type":"if","locations":[{"start":{"line":335,"column":8},"end":{"line":335,"column":8}},{"start":{"line":335,"column":8},"end":{"line":335,"column":8}}]},"31":{"line":348,"type":"if","locations":[{"start":{"line":348,"column":8},"end":{"line":348,"column":8}},{"start":{"line":348,"column":8},"end":{"line":348,"column":8}}]},"32":{"line":359,"type":"if","locations":[{"start":{"line":359,"column":8},"end":{"line":359,"column":8}},{"start":{"line":359,"column":8},"end":{"line":359,"column":8}}]},"33":{"line":376,"type":"if","locations":[{"start":{"line":376,"column":8},"end":{"line":376,"column":8}},{"start":{"line":376,"column":8},"end":{"line":376,"column":8}}]}}}}